[05:02:08.123][INFO]: Parsing all .json files in machines folder.
[05:02:08.125][INFO]: Parsing all .json files in upgrades folder.
[05:02:08.173][INFO]: Finished, 2 .json files successfully parsed in upgrades folder.
[05:02:08.202][INFO]: Finished, 19 .json files successfully parsed in machines folder.
[05:02:15.129][INFO]: Parsing recipe json: avaritia:noisy_neutronium
[05:02:15.137][INFO]: Successfully read recipe json: avaritia:noisy_neutronium
[05:02:15.151][INFO]: Parsing recipe json: avaritia:infinity_legs
[05:02:15.154][INFO]: Successfully read recipe json: avaritia:infinity_legs
[05:02:15.206][INFO]: Parsing recipe json: avaritia:creative_vending_upgrade
[05:02:15.207][INFO]: Successfully read recipe json: avaritia:creative_vending_upgrade
[05:02:15.330][INFO]: Parsing recipe json: avaritia:infinity_axe
[05:02:15.330][INFO]: Successfully read recipe json: avaritia:infinity_axe
[05:02:15.343][INFO]: Parsing recipe json: avaritia:creative_blaze_cake
[05:02:15.345][INFO]: Successfully read recipe json: avaritia:creative_blaze_cake
[05:02:15.354][INFO]: Parsing recipe json: avaritia:creative_compressed_iron_block
[05:02:15.355][INFO]: Successfully read recipe json: avaritia:creative_compressed_iron_block
[05:02:15.404][INFO]: Parsing recipe json: avaritia:creative_compressor
[05:02:15.405][INFO]: Successfully read recipe json: avaritia:creative_compressor
[05:02:15.553][INFO]: Parsing recipe json: avaritia:creative_cogwheel
[05:02:15.555][INFO]: Successfully read recipe json: avaritia:creative_cogwheel
[05:02:15.610][INFO]: Parsing recipe json: avaritia:infinity_sword
[05:02:15.610][INFO]: Successfully read recipe json: avaritia:infinity_sword
[05:02:15.612][INFO]: Parsing recipe json: avaritia:infinity_bow
[05:02:15.612][INFO]: Successfully read recipe json: avaritia:infinity_bow
[05:02:15.665][INFO]: Parsing recipe json: avaritia:neutron_collector
[05:02:15.667][INFO]: Successfully read recipe json: avaritia:neutron_collector
[05:02:15.701][INFO]: Parsing recipe json: avaritia:powah_energy_cell_creative
[05:02:15.702][INFO]: Successfully read recipe json: avaritia:powah_energy_cell_creative
[05:02:15.719][INFO]: Parsing recipe json: avaritia:creative_motor
[05:02:15.720][INFO]: Successfully read recipe json: avaritia:creative_motor
[05:02:15.732][INFO]: Parsing recipe json: avaritia:infinity_hoe
[05:02:15.733][INFO]: Successfully read recipe json: avaritia:infinity_hoe
[05:02:15.752][INFO]: Parsing recipe json: avaritia:infinity_helmet
[05:02:15.753][INFO]: Successfully read recipe json: avaritia:infinity_helmet
[05:02:15.756][INFO]: Parsing recipe json: avaritia:meka_creative_energy_cube
[05:02:15.758][INFO]: Successfully read recipe json: avaritia:meka_creative_energy_cube
[05:02:15.839][INFO]: Parsing recipe json: avaritia:creative_pool
[05:02:15.840][INFO]: Successfully read recipe json: avaritia:creative_pool
[05:02:15.847][INFO]: Parsing recipe json: avaritia:creative_source_jar
[05:02:15.848][INFO]: Successfully read recipe json: avaritia:creative_source_jar
[05:02:15.888][INFO]: Parsing recipe json: avaritia:creative_chemical_tank
[05:02:15.889][INFO]: Successfully read recipe json: avaritia:creative_chemical_tank
[05:02:15.990][INFO]: Parsing recipe json: avaritia:infinity_pickaxe
[05:02:15.990][INFO]: Successfully read recipe json: avaritia:infinity_pickaxe
[05:02:16.045][INFO]: Parsing recipe json: avaritia:creative_blood_drop
[05:02:16.046][INFO]: Successfully read recipe json: avaritia:creative_blood_drop
[05:02:16.079][INFO]: Parsing recipe json: avaritia:advanced_neutron_collector
[05:02:16.080][INFO]: Successfully read recipe json: avaritia:advanced_neutron_collector
[05:02:16.090][INFO]: Parsing recipe json: avaritia:id_energy_battery_creative
[05:02:16.093][INFO]: Successfully read recipe json: avaritia:id_energy_battery_creative
[05:02:16.118][INFO]: Parsing recipe json: avaritia:ae2_creative_energy_cell
[05:02:16.120][INFO]: Successfully read recipe json: avaritia:ae2_creative_energy_cell
[05:02:16.183][INFO]: Parsing recipe json: avaritia:compressor
[05:02:16.184][INFO]: Successfully read recipe json: avaritia:compressor
[05:02:16.204][INFO]: Parsing recipe json: avaritia:dimensionalcell_creative
[05:02:16.205][INFO]: Successfully read recipe json: avaritia:dimensionalcell_creative
[05:02:16.242][INFO]: Parsing recipe json: avaritia:infinity_chestplate
[05:02:16.243][INFO]: Successfully read recipe json: avaritia:infinity_chestplate
[05:02:16.313][INFO]: Parsing recipe json: avaritia:ie_capacitor_creative
[05:02:16.314][INFO]: Successfully read recipe json: avaritia:ie_capacitor_creative
[05:02:16.336][INFO]: Parsing recipe json: avaritia:endest_pearl
[05:02:16.338][INFO]: Successfully read recipe json: avaritia:endest_pearl
[05:02:16.357][INFO]: Parsing recipe json: avaritia:create_creative_energy
[05:02:16.358][INFO]: Successfully read recipe json: avaritia:create_creative_energy
[05:02:16.416][INFO]: Parsing recipe json: avaritia:draco_creative_op_capacitor
[05:02:16.417][INFO]: Successfully read recipe json: avaritia:draco_creative_op_capacitor
[05:02:16.437][INFO]: Parsing recipe json: avaritia:infinity_gems
[05:02:16.438][INFO]: Successfully read recipe json: avaritia:infinity_gems
[05:02:16.440][INFO]: Parsing recipe json: avaritia:infinity_ingot
[05:02:16.443][INFO]: Successfully read recipe json: avaritia:infinity_ingot
[05:02:16.471][INFO]: Parsing recipe json: avaritia:infinity_shovel
[05:02:16.472][INFO]: Successfully read recipe json: avaritia:infinity_shovel
[05:02:16.504][INFO]: Parsing recipe json: avaritia:skullfire_sword
[05:02:16.505][INFO]: Successfully read recipe json: avaritia:skullfire_sword
[05:02:16.520][INFO]: Parsing recipe json: avaritia:create_creative_fluid_tank
[05:02:16.522][INFO]: Successfully read recipe json: avaritia:create_creative_fluid_tank
[05:02:16.527][INFO]: Parsing recipe json: avaritia:creative_spell_book
[05:02:16.528][INFO]: Successfully read recipe json: avaritia:creative_spell_book
[05:02:16.529][INFO]: Parsing recipe json: avaritia:cad_assembly_creative
[05:02:16.530][INFO]: Successfully read recipe json: avaritia:cad_assembly_creative
[05:02:16.550][INFO]: Parsing recipe json: avaritia:ultimate_stew
[05:02:16.550][INFO]: Successfully read recipe json: avaritia:ultimate_stew
[05:02:16.574][INFO]: Parsing recipe json: avaritia:infinity_catalyst
[05:02:16.575][INFO]: Successfully read recipe json: avaritia:infinity_catalyst
[05:02:16.600][INFO]: Parsing recipe json: avaritia:infinity_boots
[05:02:16.601][INFO]: Successfully read recipe json: avaritia:infinity_boots
[05:02:21.340][ERROR]: Missing mandatory property "fluid" of type "minecraft:fluid" in MapLike[{"tag":"forge:experience"}]
[05:02:21.343][ERROR]: Missing mandatory property "fluid" of type "minecraft:fluid" in MapLike[{"tag":"forge:experience"}]
[05:02:21.344][ERROR]: Missing mandatory property "fluid" of type "minecraft:fluid" in MapLike[{"tag":"forge:experience"}]
[05:02:21.344][ERROR]: Missing mandatory property "fluid" of type "minecraft:fluid" in MapLike[{"tag":"forge:experience"}]
[05:02:21.346][ERROR]: Missing mandatory property "fluid" of type "minecraft:fluid" in MapLike[{"tag":"forge:experience"}]
[05:02:21.346][ERROR]: Missing mandatory property "fluid" of type "minecraft:fluid" in MapLike[{"tag":"forge:experience"}]
[05:02:21.347][ERROR]: Missing mandatory property "fluid" of type "minecraft:fluid" in MapLike[{"tag":"forge:experience"}]
[05:02:21.348][ERROR]: Missing mandatory property "fluid" of type "minecraft:fluid" in MapLike[{"tag":"forge:experience"}]
[05:02:21.349][ERROR]: Missing mandatory property "fluid" of type "minecraft:fluid" in MapLike[{"tag":"forge:experience"}]
[05:02:21.350][ERROR]: Missing mandatory property "fluid" of type "minecraft:fluid" in MapLike[{"tag":"forge:experience"}]
[05:02:21.350][ERROR]: Missing mandatory property "fluid" of type "minecraft:fluid" in MapLike[{"tag":"forge:experience"}]
[05:02:21.351][ERROR]: Missing mandatory property "fluid" of type "minecraft:fluid" in MapLike[{"tag":"forge:experience"}]
[05:02:21.351][ERROR]: Missing mandatory property "fluid" of type "minecraft:fluid" in MapLike[{"tag":"forge:experience"}]
[05:02:21.352][ERROR]: Missing mandatory property "fluid" of type "minecraft:fluid" in MapLike[{"tag":"forge:experience"}]
[05:02:21.352][ERROR]: Missing mandatory property "fluid" of type "minecraft:fluid" in MapLike[{"tag":"forge:experience"}]
[05:02:21.352][ERROR]: Missing mandatory property "fluid" of type "minecraft:fluid" in MapLike[{"tag":"forge:experience"}]
[05:02:21.352][ERROR]: Missing mandatory property "fluid" of type "minecraft:fluid" in MapLike[{"tag":"forge:experience"}]
[05:02:21.353][ERROR]: Missing mandatory property "fluid" of type "minecraft:fluid" in MapLike[{"tag":"forge:experience"}]
[05:02:21.353][ERROR]: Missing mandatory property "fluid" of type "minecraft:fluid" in MapLike[{"tag":"forge:experience"}]
[05:02:21.354][ERROR]: Missing mandatory property "fluid" of type "minecraft:fluid" in MapLike[{"tag":"forge:experience"}]
[05:02:21.354][ERROR]: Missing mandatory property "fluid" of type "minecraft:fluid" in MapLike[{"tag":"forge:experience"}]
[05:02:21.355][ERROR]: Missing mandatory property "fluid" of type "minecraft:fluid" in MapLike[{"tag":"forge:experience"}]
[05:02:21.355][ERROR]: Missing mandatory property "fluid" of type "minecraft:fluid" in MapLike[{"tag":"forge:experience"}]
[05:02:21.356][ERROR]: Missing mandatory property "fluid" of type "minecraft:fluid" in MapLike[{"tag":"forge:experience"}]
[05:02:21.356][ERROR]: Missing mandatory property "fluid" of type "minecraft:fluid" in MapLike[{"tag":"forge:experience"}]
[05:02:21.356][ERROR]: Missing mandatory property "fluid" of type "minecraft:fluid" in MapLike[{"tag":"forge:experience"}]
[05:02:21.358][ERROR]: Missing mandatory property "fluid" of type "minecraft:fluid" in MapLike[{"tag":"forge:experience"}]
[05:02:21.358][ERROR]: Missing mandatory property "fluid" of type "minecraft:fluid" in MapLike[{"tag":"forge:experience"}]
[05:02:21.359][ERROR]: Missing mandatory property "fluid" of type "minecraft:fluid" in MapLike[{"tag":"forge:experience"}]
[05:02:21.359][ERROR]: Missing mandatory property "fluid" of type "minecraft:fluid" in MapLike[{"tag":"forge:experience"}]
[05:02:21.360][ERROR]: Missing mandatory property "fluid" of type "minecraft:fluid" in MapLike[{"tag":"forge:experience"}]
[05:02:21.360][ERROR]: Missing mandatory property "fluid" of type "minecraft:fluid" in MapLike[{"tag":"forge:experience"}]
[05:02:21.361][ERROR]: Missing mandatory property "fluid" of type "minecraft:fluid" in MapLike[{"tag":"forge:experience"}]
[05:02:21.361][ERROR]: Missing mandatory property "fluid" of type "minecraft:fluid" in MapLike[{"tag":"forge:experience"}]
[05:02:21.362][ERROR]: Missing mandatory property "fluid" of type "minecraft:fluid" in MapLike[{"tag":"forge:experience"}]
[05:02:21.362][ERROR]: Missing mandatory property "fluid" of type "minecraft:fluid" in MapLike[{"tag":"forge:experience"}]
[05:02:21.363][ERROR]: Missing mandatory property "fluid" of type "minecraft:fluid" in MapLike[{"tag":"forge:experience"}]
[05:02:21.363][ERROR]: Missing mandatory property "fluid" of type "minecraft:fluid" in MapLike[{"tag":"forge:experience"}]
[05:02:21.364][ERROR]: Missing mandatory property "fluid" of type "minecraft:fluid" in MapLike[{"tag":"forge:experience"}]
[05:02:21.364][ERROR]: Missing mandatory property "fluid" of type "minecraft:fluid" in MapLike[{"tag":"forge:experience"}]
[05:02:21.365][ERROR]: Missing mandatory property "fluid" of type "minecraft:fluid" in MapLike[{"tag":"forge:experience"}]
[05:02:21.365][ERROR]: Missing mandatory property "fluid" of type "minecraft:fluid" in MapLike[{"tag":"forge:experience"}]
[05:02:21.366][ERROR]: Missing mandatory property "fluid" of type "minecraft:fluid" in MapLike[{"tag":"forge:experience"}]
[05:02:21.366][ERROR]: Missing mandatory property "fluid" of type "minecraft:fluid" in MapLike[{"tag":"forge:experience"}]
[05:02:21.367][ERROR]: Missing mandatory property "fluid" of type "minecraft:fluid" in MapLike[{"tag":"forge:experience"}]
[05:02:21.367][ERROR]: Missing mandatory property "fluid" of type "minecraft:fluid" in MapLike[{"tag":"forge:experience"}]
[05:02:21.368][ERROR]: Missing mandatory property "fluid" of type "minecraft:fluid" in MapLike[{"tag":"forge:experience"}]
[05:02:21.368][ERROR]: Missing mandatory property "fluid" of type "minecraft:fluid" in MapLike[{"tag":"forge:experience"}]
[05:02:21.369][ERROR]: Missing mandatory property "fluid" of type "minecraft:fluid" in MapLike[{"tag":"forge:experience"}]
[05:02:21.369][ERROR]: Missing mandatory property "fluid" of type "minecraft:fluid" in MapLike[{"tag":"forge:experience"}]
[05:02:21.370][ERROR]: Missing mandatory property "fluid" of type "minecraft:fluid" in MapLike[{"tag":"forge:experience"}]
[05:02:21.370][ERROR]: Missing mandatory property "fluid" of type "minecraft:fluid" in MapLike[{"tag":"forge:experience"}]
[05:02:21.371][ERROR]: Missing mandatory property "fluid" of type "minecraft:fluid" in MapLike[{"tag":"forge:experience"}]
[05:02:21.373][ERROR]: Missing mandatory property "fluid" of type "minecraft:fluid" in MapLike[{"tag":"forge:experience"}]
[05:02:21.374][ERROR]: Missing mandatory property "fluid" of type "minecraft:fluid" in MapLike[{"tag":"forge:experience"}]
[05:02:21.374][ERROR]: Missing mandatory property "fluid" of type "minecraft:fluid" in MapLike[{"tag":"forge:experience"}]
[05:02:21.375][ERROR]: Missing mandatory property "fluid" of type "minecraft:fluid" in MapLike[{"tag":"forge:experience"}]
[05:02:21.375][ERROR]: Missing mandatory property "fluid" of type "minecraft:fluid" in MapLike[{"tag":"forge:experience"}]
[05:02:21.376][ERROR]: Missing mandatory property "fluid" of type "minecraft:fluid" in MapLike[{"tag":"forge:experience"}]
[05:02:21.376][ERROR]: Missing mandatory property "fluid" of type "minecraft:fluid" in MapLike[{"tag":"forge:experience"}]
[05:02:21.378][ERROR]: Missing mandatory property "fluid" of type "minecraft:fluid" in MapLike[{"tag":"forge:experience"}]
[05:02:21.379][ERROR]: Missing mandatory property "fluid" of type "minecraft:fluid" in MapLike[{"tag":"forge:experience"}]
[05:02:21.379][ERROR]: Missing mandatory property "fluid" of type "minecraft:fluid" in MapLike[{"tag":"forge:experience"}]
[05:02:21.380][ERROR]: Missing mandatory property "fluid" of type "minecraft:fluid" in MapLike[{"tag":"forge:experience"}]
[05:02:21.380][ERROR]: Missing mandatory property "fluid" of type "minecraft:fluid" in MapLike[{"tag":"forge:experience"}]
[05:02:21.380][ERROR]: Missing mandatory property "fluid" of type "minecraft:fluid" in MapLike[{"tag":"forge:experience"}]
[05:02:21.381][ERROR]: Missing mandatory property "fluid" of type "minecraft:fluid" in MapLike[{"tag":"forge:experience"}]
[05:02:21.381][ERROR]: Missing mandatory property "fluid" of type "minecraft:fluid" in MapLike[{"tag":"forge:experience"}]
[05:02:21.382][ERROR]: Missing mandatory property "fluid" of type "minecraft:fluid" in MapLike[{"tag":"forge:experience"}]
[05:02:21.382][ERROR]: Missing mandatory property "fluid" of type "minecraft:fluid" in MapLike[{"tag":"forge:experience"}]
[05:02:21.383][ERROR]: Missing mandatory property "fluid" of type "minecraft:fluid" in MapLike[{"tag":"forge:experience"}]
[05:02:21.383][ERROR]: Missing mandatory property "fluid" of type "minecraft:fluid" in MapLike[{"tag":"forge:experience"}]
[05:02:21.384][ERROR]: Missing mandatory property "fluid" of type "minecraft:fluid" in MapLike[{"tag":"forge:experience"}]
[05:02:21.384][ERROR]: Missing mandatory property "fluid" of type "minecraft:fluid" in MapLike[{"tag":"forge:experience"}]
[05:02:21.385][ERROR]: Missing mandatory property "fluid" of type "minecraft:fluid" in MapLike[{"tag":"forge:experience"}]
[05:02:21.385][ERROR]: Missing mandatory property "fluid" of type "minecraft:fluid" in MapLike[{"tag":"forge:experience"}]
[05:02:21.385][ERROR]: Missing mandatory property "fluid" of type "minecraft:fluid" in MapLike[{"tag":"forge:experience"}]
[05:02:21.386][ERROR]: Missing mandatory property "fluid" of type "minecraft:fluid" in MapLike[{"tag":"forge:experience"}]
[05:02:21.386][ERROR]: Missing mandatory property "fluid" of type "minecraft:fluid" in MapLike[{"tag":"forge:experience"}]
[05:02:21.386][ERROR]: Missing mandatory property "fluid" of type "minecraft:fluid" in MapLike[{"tag":"forge:experience"}]
[05:02:21.388][ERROR]: Missing mandatory property "fluid" of type "minecraft:fluid" in MapLike[{"tag":"forge:experience"}]
[05:02:21.388][ERROR]: Missing mandatory property "fluid" of type "minecraft:fluid" in MapLike[{"tag":"forge:experience"}]
[05:02:21.389][ERROR]: Missing mandatory property "fluid" of type "minecraft:fluid" in MapLike[{"tag":"forge:experience"}]
[05:02:21.389][ERROR]: Missing mandatory property "fluid" of type "minecraft:fluid" in MapLike[{"tag":"forge:experience"}]
[05:02:21.390][ERROR]: Missing mandatory property "fluid" of type "minecraft:fluid" in MapLike[{"tag":"forge:experience"}]
[05:02:21.390][ERROR]: Missing mandatory property "fluid" of type "minecraft:fluid" in MapLike[{"tag":"forge:experience"}]
[05:02:21.390][ERROR]: Missing mandatory property "fluid" of type "minecraft:fluid" in MapLike[{"tag":"forge:experience"}]
[05:02:21.391][ERROR]: Missing mandatory property "fluid" of type "minecraft:fluid" in MapLike[{"tag":"forge:experience"}]
[05:02:21.391][ERROR]: Missing mandatory property "fluid" of type "minecraft:fluid" in MapLike[{"tag":"forge:experience"}]
[05:02:21.392][ERROR]: Missing mandatory property "fluid" of type "minecraft:fluid" in MapLike[{"tag":"forge:experience"}]
[05:02:21.392][ERROR]: Missing mandatory property "fluid" of type "minecraft:fluid" in MapLike[{"tag":"forge:experience"}]
[05:02:21.392][ERROR]: Missing mandatory property "fluid" of type "minecraft:fluid" in MapLike[{"tag":"forge:experience"}]
[05:02:21.393][ERROR]: Missing mandatory property "fluid" of type "minecraft:fluid" in MapLike[{"tag":"forge:experience"}]
[05:02:21.393][ERROR]: Missing mandatory property "fluid" of type "minecraft:fluid" in MapLike[{"tag":"forge:experience"}]
[05:02:21.394][ERROR]: Missing mandatory property "fluid" of type "minecraft:fluid" in MapLike[{"tag":"forge:experience"}]
[05:02:21.394][ERROR]: Missing mandatory property "fluid" of type "minecraft:fluid" in MapLike[{"tag":"forge:experience"}]
[05:02:21.395][ERROR]: Missing mandatory property "fluid" of type "minecraft:fluid" in MapLike[{"tag":"forge:experience"}]
[05:02:21.396][ERROR]: Missing mandatory property "fluid" of type "minecraft:fluid" in MapLike[{"tag":"forge:experience"}]
[05:02:21.396][ERROR]: Missing mandatory property "fluid" of type "minecraft:fluid" in MapLike[{"tag":"forge:experience"}]
[05:02:21.396][ERROR]: Missing mandatory property "fluid" of type "minecraft:fluid" in MapLike[{"tag":"forge:experience"}]
[05:02:21.398][ERROR]: Missing mandatory property "fluid" of type "minecraft:fluid" in MapLike[{"tag":"forge:experience"}]
[05:02:21.398][ERROR]: Missing mandatory property "fluid" of type "minecraft:fluid" in MapLike[{"tag":"forge:experience"}]
[05:02:21.399][ERROR]: Missing mandatory property "fluid" of type "minecraft:fluid" in MapLike[{"tag":"forge:experience"}]
[05:02:21.399][ERROR]: Missing mandatory property "fluid" of type "minecraft:fluid" in MapLike[{"tag":"forge:experience"}]
[05:02:21.400][ERROR]: Missing mandatory property "fluid" of type "minecraft:fluid" in MapLike[{"tag":"forge:experience"}]
[05:02:21.400][ERROR]: Missing mandatory property "fluid" of type "minecraft:fluid" in MapLike[{"tag":"forge:experience"}]
[05:02:21.400][ERROR]: Missing mandatory property "fluid" of type "minecraft:fluid" in MapLike[{"tag":"forge:experience"}]
[05:02:21.401][ERROR]: Missing mandatory property "fluid" of type "minecraft:fluid" in MapLike[{"tag":"forge:experience"}]
[05:02:21.402][ERROR]: Missing mandatory property "fluid" of type "minecraft:fluid" in MapLike[{"tag":"forge:experience"}]
[05:02:21.403][ERROR]: Missing mandatory property "fluid" of type "minecraft:fluid" in MapLike[{"tag":"forge:experience"}]
[05:02:21.403][ERROR]: Missing mandatory property "fluid" of type "minecraft:fluid" in MapLike[{"tag":"forge:experience"}]
[05:02:21.404][ERROR]: Missing mandatory property "fluid" of type "minecraft:fluid" in MapLike[{"tag":"forge:experience"}]
[05:02:21.404][ERROR]: Missing mandatory property "fluid" of type "minecraft:fluid" in MapLike[{"tag":"forge:experience"}]
[05:02:21.404][ERROR]: Missing mandatory property "fluid" of type "minecraft:fluid" in MapLike[{"tag":"forge:experience"}]
[05:02:21.405][ERROR]: Missing mandatory property "fluid" of type "minecraft:fluid" in MapLike[{"tag":"forge:experience"}]
[05:02:21.405][ERROR]: Missing mandatory property "fluid" of type "minecraft:fluid" in MapLike[{"tag":"forge:experience"}]
[05:02:21.406][ERROR]: Missing mandatory property "fluid" of type "minecraft:fluid" in MapLike[{"tag":"forge:experience"}]
[05:02:21.406][ERROR]: Missing mandatory property "fluid" of type "minecraft:fluid" in MapLike[{"tag":"forge:experience"}]
[05:02:21.406][ERROR]: Missing mandatory property "fluid" of type "minecraft:fluid" in MapLike[{"tag":"forge:experience"}]
[05:02:21.408][ERROR]: Missing mandatory property "fluid" of type "minecraft:fluid" in MapLike[{"tag":"forge:experience"}]
[05:02:21.408][ERROR]: Missing mandatory property "fluid" of type "minecraft:fluid" in MapLike[{"tag":"forge:experience"}]
[05:02:21.409][ERROR]: Missing mandatory property "fluid" of type "minecraft:fluid" in MapLike[{"tag":"forge:experience"}]
[05:02:21.409][ERROR]: Missing mandatory property "fluid" of type "minecraft:fluid" in MapLike[{"tag":"forge:experience"}]
[05:02:21.410][ERROR]: Missing mandatory property "fluid" of type "minecraft:fluid" in MapLike[{"tag":"forge:experience"}]
[05:02:21.410][ERROR]: Missing mandatory property "fluid" of type "minecraft:fluid" in MapLike[{"tag":"forge:experience"}]
[05:02:21.410][ERROR]: Missing mandatory property "fluid" of type "minecraft:fluid" in MapLike[{"tag":"forge:experience"}]
[05:02:21.410][ERROR]: Missing mandatory property "fluid" of type "minecraft:fluid" in MapLike[{"tag":"forge:experience"}]
[05:02:21.411][ERROR]: Missing mandatory property "fluid" of type "minecraft:fluid" in MapLike[{"tag":"forge:experience"}]
[05:02:21.411][ERROR]: Missing mandatory property "fluid" of type "minecraft:fluid" in MapLike[{"tag":"forge:experience"}]
[05:02:21.412][ERROR]: Missing mandatory property "fluid" of type "minecraft:fluid" in MapLike[{"tag":"forge:experience"}]
[05:02:21.412][ERROR]: Missing mandatory property "fluid" of type "minecraft:fluid" in MapLike[{"tag":"forge:experience"}]
[05:02:21.413][ERROR]: Missing mandatory property "fluid" of type "minecraft:fluid" in MapLike[{"tag":"forge:experience"}]
[05:02:21.413][ERROR]: Missing mandatory property "fluid" of type "minecraft:fluid" in MapLike[{"tag":"forge:experience"}]
[05:02:21.413][ERROR]: Missing mandatory property "fluid" of type "minecraft:fluid" in MapLike[{"tag":"forge:experience"}]
[05:02:21.414][ERROR]: Missing mandatory property "fluid" of type "minecraft:fluid" in MapLike[{"tag":"forge:experience"}]
[05:02:21.414][ERROR]: Missing mandatory property "fluid" of type "minecraft:fluid" in MapLike[{"tag":"forge:experience"}]
[05:02:21.415][ERROR]: Missing mandatory property "fluid" of type "minecraft:fluid" in MapLike[{"tag":"forge:experience"}]
[05:02:21.415][ERROR]: Missing mandatory property "fluid" of type "minecraft:fluid" in MapLike[{"tag":"forge:experience"}]
[05:02:21.416][ERROR]: Missing mandatory property "fluid" of type "minecraft:fluid" in MapLike[{"tag":"forge:experience"}]
[05:02:21.416][ERROR]: Missing mandatory property "fluid" of type "minecraft:fluid" in MapLike[{"tag":"forge:experience"}]
[05:02:21.416][ERROR]: Missing mandatory property "fluid" of type "minecraft:fluid" in MapLike[{"tag":"forge:experience"}]
[05:02:21.416][ERROR]: Missing mandatory property "fluid" of type "minecraft:fluid" in MapLike[{"tag":"forge:experience"}]
[05:02:21.418][ERROR]: Missing mandatory property "fluid" of type "minecraft:fluid" in MapLike[{"tag":"forge:experience"}]
[05:02:21.418][ERROR]: Missing mandatory property "fluid" of type "minecraft:fluid" in MapLike[{"tag":"forge:experience"}]
[05:02:21.418][ERROR]: Missing mandatory property "fluid" of type "minecraft:fluid" in MapLike[{"tag":"forge:experience"}]
[05:02:21.419][ERROR]: Missing mandatory property "fluid" of type "minecraft:fluid" in MapLike[{"tag":"forge:experience"}]
[05:02:21.419][ERROR]: Missing mandatory property "fluid" of type "minecraft:fluid" in MapLike[{"tag":"forge:experience"}]
[05:02:21.420][ERROR]: Missing mandatory property "fluid" of type "minecraft:fluid" in MapLike[{"tag":"forge:experience"}]
[05:02:21.420][ERROR]: Missing mandatory property "fluid" of type "minecraft:fluid" in MapLike[{"tag":"forge:experience"}]
[05:02:21.420][ERROR]: Missing mandatory property "fluid" of type "minecraft:fluid" in MapLike[{"tag":"forge:experience"}]
[05:02:21.420][ERROR]: Missing mandatory property "fluid" of type "minecraft:fluid" in MapLike[{"tag":"forge:experience"}]
[05:02:21.421][ERROR]: Missing mandatory property "fluid" of type "minecraft:fluid" in MapLike[{"tag":"forge:experience"}]
[05:02:21.421][ERROR]: Missing mandatory property "fluid" of type "minecraft:fluid" in MapLike[{"tag":"forge:experience"}]
[05:02:21.422][ERROR]: Missing mandatory property "fluid" of type "minecraft:fluid" in MapLike[{"tag":"forge:experience"}]
[05:02:21.422][ERROR]: Missing mandatory property "fluid" of type "minecraft:fluid" in MapLike[{"tag":"forge:experience"}]
[05:02:21.423][ERROR]: Missing mandatory property "fluid" of type "minecraft:fluid" in MapLike[{"tag":"forge:experience"}]
[05:02:21.423][ERROR]: Missing mandatory property "fluid" of type "minecraft:fluid" in MapLike[{"tag":"forge:experience"}]
[05:02:21.423][ERROR]: Missing mandatory property "fluid" of type "minecraft:fluid" in MapLike[{"tag":"forge:experience"}]
[05:02:21.424][ERROR]: Missing mandatory property "fluid" of type "minecraft:fluid" in MapLike[{"tag":"forge:experience"}]
[05:02:21.424][ERROR]: Missing mandatory property "fluid" of type "minecraft:fluid" in MapLike[{"tag":"forge:experience"}]
[05:02:21.425][ERROR]: Missing mandatory property "fluid" of type "minecraft:fluid" in MapLike[{"tag":"forge:experience"}]
[05:02:21.425][ERROR]: Missing mandatory property "fluid" of type "minecraft:fluid" in MapLike[{"tag":"forge:experience"}]
[05:02:21.425][ERROR]: Missing mandatory property "fluid" of type "minecraft:fluid" in MapLike[{"tag":"forge:experience"}]
[05:02:21.426][ERROR]: Missing mandatory property "fluid" of type "minecraft:fluid" in MapLike[{"tag":"forge:experience"}]
[05:02:21.426][ERROR]: Missing mandatory property "fluid" of type "minecraft:fluid" in MapLike[{"tag":"forge:experience"}]
[05:02:21.426][ERROR]: Missing mandatory property "fluid" of type "minecraft:fluid" in MapLike[{"tag":"forge:experience"}]
[05:02:21.428][ERROR]: Missing mandatory property "fluid" of type "minecraft:fluid" in MapLike[{"tag":"forge:experience"}]
[05:02:21.428][ERROR]: Missing mandatory property "fluid" of type "minecraft:fluid" in MapLike[{"tag":"forge:experience"}]
[05:02:21.428][ERROR]: Missing mandatory property "fluid" of type "minecraft:fluid" in MapLike[{"tag":"forge:experience"}]
[05:02:21.429][ERROR]: Missing mandatory property "fluid" of type "minecraft:fluid" in MapLike[{"tag":"forge:experience"}]
[05:02:21.429][ERROR]: Missing mandatory property "fluid" of type "minecraft:fluid" in MapLike[{"tag":"forge:experience"}]
[05:02:21.430][ERROR]: Missing mandatory property "fluid" of type "minecraft:fluid" in MapLike[{"tag":"forge:experience"}]
[05:02:21.430][ERROR]: Missing mandatory property "fluid" of type "minecraft:fluid" in MapLike[{"tag":"forge:experience"}]
[05:02:21.430][ERROR]: Missing mandatory property "fluid" of type "minecraft:fluid" in MapLike[{"tag":"forge:experience"}]
[05:02:21.430][ERROR]: Missing mandatory property "fluid" of type "minecraft:fluid" in MapLike[{"tag":"forge:experience"}]
[05:02:21.431][ERROR]: Missing mandatory property "fluid" of type "minecraft:fluid" in MapLike[{"tag":"forge:experience"}]
[05:02:21.431][ERROR]: Missing mandatory property "fluid" of type "minecraft:fluid" in MapLike[{"tag":"forge:experience"}]
[05:02:21.431][ERROR]: Missing mandatory property "fluid" of type "minecraft:fluid" in MapLike[{"tag":"forge:experience"}]
[05:02:21.432][ERROR]: Missing mandatory property "fluid" of type "minecraft:fluid" in MapLike[{"tag":"forge:experience"}]
[05:02:21.432][ERROR]: Missing mandatory property "fluid" of type "minecraft:fluid" in MapLike[{"tag":"forge:experience"}]
[05:02:21.433][ERROR]: Missing mandatory property "fluid" of type "minecraft:fluid" in MapLike[{"tag":"forge:experience"}]
[05:02:21.433][ERROR]: Missing mandatory property "fluid" of type "minecraft:fluid" in MapLike[{"tag":"forge:experience"}]
[05:02:21.434][ERROR]: Missing mandatory property "fluid" of type "minecraft:fluid" in MapLike[{"tag":"forge:experience"}]
[05:02:21.434][ERROR]: Missing mandatory property "fluid" of type "minecraft:fluid" in MapLike[{"tag":"forge:experience"}]
[05:02:21.434][ERROR]: Missing mandatory property "fluid" of type "minecraft:fluid" in MapLike[{"tag":"forge:experience"}]
[05:02:21.435][ERROR]: Missing mandatory property "fluid" of type "minecraft:fluid" in MapLike[{"tag":"forge:experience"}]
[05:02:21.435][ERROR]: Missing mandatory property "fluid" of type "minecraft:fluid" in MapLike[{"tag":"forge:experience"}]
[05:02:21.436][ERROR]: Missing mandatory property "fluid" of type "minecraft:fluid" in MapLike[{"tag":"forge:experience"}]
[05:02:21.436][ERROR]: Missing mandatory property "fluid" of type "minecraft:fluid" in MapLike[{"tag":"forge:experience"}]
[05:02:21.436][ERROR]: Missing mandatory property "fluid" of type "minecraft:fluid" in MapLike[{"tag":"forge:experience"}]
[05:02:21.436][ERROR]: Missing mandatory property "fluid" of type "minecraft:fluid" in MapLike[{"tag":"forge:experience"}]
[05:02:21.438][ERROR]: Missing mandatory property "fluid" of type "minecraft:fluid" in MapLike[{"tag":"forge:experience"}]
[05:02:21.438][ERROR]: Missing mandatory property "fluid" of type "minecraft:fluid" in MapLike[{"tag":"forge:experience"}]
[05:02:21.439][ERROR]: Missing mandatory property "fluid" of type "minecraft:fluid" in MapLike[{"tag":"forge:experience"}]
[05:02:21.439][ERROR]: Missing mandatory property "fluid" of type "minecraft:fluid" in MapLike[{"tag":"forge:experience"}]
[05:02:21.440][ERROR]: Missing mandatory property "fluid" of type "minecraft:fluid" in MapLike[{"tag":"forge:experience"}]
[05:02:21.440][ERROR]: Missing mandatory property "fluid" of type "minecraft:fluid" in MapLike[{"tag":"forge:experience"}]
[05:02:21.440][ERROR]: Missing mandatory property "fluid" of type "minecraft:fluid" in MapLike[{"tag":"forge:experience"}]
[05:02:21.440][ERROR]: Missing mandatory property "fluid" of type "minecraft:fluid" in MapLike[{"tag":"forge:experience"}]
[05:02:21.442][ERROR]: Missing mandatory property "fluid" of type "minecraft:fluid" in MapLike[{"tag":"forge:experience"}]
[05:02:21.442][ERROR]: Missing mandatory property "fluid" of type "minecraft:fluid" in MapLike[{"tag":"forge:experience"}]
[05:02:21.442][ERROR]: Missing mandatory property "fluid" of type "minecraft:fluid" in MapLike[{"tag":"forge:experience"}]
[05:02:21.443][ERROR]: Missing mandatory property "fluid" of type "minecraft:fluid" in MapLike[{"tag":"forge:experience"}]
[05:02:21.443][ERROR]: Missing mandatory property "fluid" of type "minecraft:fluid" in MapLike[{"tag":"forge:experience"}]
[05:02:21.444][ERROR]: Missing mandatory property "fluid" of type "minecraft:fluid" in MapLike[{"tag":"forge:experience"}]
[05:02:21.444][ERROR]: Missing mandatory property "fluid" of type "minecraft:fluid" in MapLike[{"tag":"forge:experience"}]
[05:02:21.445][ERROR]: Missing mandatory property "fluid" of type "minecraft:fluid" in MapLike[{"tag":"forge:experience"}]
[05:02:21.445][ERROR]: Missing mandatory property "fluid" of type "minecraft:fluid" in MapLike[{"tag":"forge:experience"}]
[05:02:21.445][ERROR]: Missing mandatory property "fluid" of type "minecraft:fluid" in MapLike[{"tag":"forge:experience"}]
[05:02:21.446][ERROR]: Missing mandatory property "fluid" of type "minecraft:fluid" in MapLike[{"tag":"forge:experience"}]
[05:02:21.446][ERROR]: Missing mandatory property "fluid" of type "minecraft:fluid" in MapLike[{"tag":"forge:experience"}]
[05:02:21.447][ERROR]: Missing mandatory property "fluid" of type "minecraft:fluid" in MapLike[{"tag":"forge:experience"}]
[05:02:21.447][ERROR]: Missing mandatory property "fluid" of type "minecraft:fluid" in MapLike[{"tag":"forge:experience"}]
[05:02:21.447][ERROR]: Missing mandatory property "fluid" of type "minecraft:fluid" in MapLike[{"tag":"forge:experience"}]
[05:02:21.448][ERROR]: Missing mandatory property "fluid" of type "minecraft:fluid" in MapLike[{"tag":"forge:experience"}]
[05:02:21.448][ERROR]: Missing mandatory property "fluid" of type "minecraft:fluid" in MapLike[{"tag":"forge:experience"}]
[05:02:21.448][ERROR]: Missing mandatory property "fluid" of type "minecraft:fluid" in MapLike[{"tag":"forge:experience"}]
[05:02:21.449][ERROR]: Missing mandatory property "fluid" of type "minecraft:fluid" in MapLike[{"tag":"forge:experience"}]
[05:02:21.449][ERROR]: Missing mandatory property "fluid" of type "minecraft:fluid" in MapLike[{"tag":"forge:experience"}]
[05:02:21.450][ERROR]: Missing mandatory property "fluid" of type "minecraft:fluid" in MapLike[{"tag":"forge:experience"}]
[05:02:21.450][ERROR]: Missing mandatory property "fluid" of type "minecraft:fluid" in MapLike[{"tag":"forge:experience"}]
[05:02:21.450][ERROR]: Missing mandatory property "fluid" of type "minecraft:fluid" in MapLike[{"tag":"forge:experience"}]
[05:02:21.452][ERROR]: Missing mandatory property "fluid" of type "minecraft:fluid" in MapLike[{"tag":"forge:experience"}]
[05:02:21.452][ERROR]: Missing mandatory property "fluid" of type "minecraft:fluid" in MapLike[{"tag":"forge:experience"}]
[05:02:21.452][ERROR]: Missing mandatory property "fluid" of type "minecraft:fluid" in MapLike[{"tag":"forge:experience"}]
[05:02:21.453][ERROR]: Missing mandatory property "fluid" of type "minecraft:fluid" in MapLike[{"tag":"forge:experience"}]
[05:02:21.453][ERROR]: Missing mandatory property "fluid" of type "minecraft:fluid" in MapLike[{"tag":"forge:experience"}]
[05:02:21.454][ERROR]: Missing mandatory property "fluid" of type "minecraft:fluid" in MapLike[{"tag":"forge:experience"}]
[05:02:21.454][ERROR]: Missing mandatory property "fluid" of type "minecraft:fluid" in MapLike[{"tag":"forge:experience"}]
[05:02:21.455][ERROR]: Missing mandatory property "fluid" of type "minecraft:fluid" in MapLike[{"tag":"forge:experience"}]
[05:02:21.455][ERROR]: Missing mandatory property "fluid" of type "minecraft:fluid" in MapLike[{"tag":"forge:experience"}]
[05:02:21.455][ERROR]: Missing mandatory property "fluid" of type "minecraft:fluid" in MapLike[{"tag":"forge:experience"}]
[05:02:21.456][ERROR]: Missing mandatory property "fluid" of type "minecraft:fluid" in MapLike[{"tag":"forge:experience"}]
[05:02:21.456][ERROR]: Missing mandatory property "fluid" of type "minecraft:fluid" in MapLike[{"tag":"forge:experience"}]
[05:02:21.457][ERROR]: Missing mandatory property "fluid" of type "minecraft:fluid" in MapLike[{"tag":"forge:experience"}]
[05:02:21.457][ERROR]: Missing mandatory property "fluid" of type "minecraft:fluid" in MapLike[{"tag":"forge:experience"}]
[05:02:21.457][ERROR]: Missing mandatory property "fluid" of type "minecraft:fluid" in MapLike[{"tag":"forge:experience"}]
[05:02:21.458][ERROR]: Missing mandatory property "fluid" of type "minecraft:fluid" in MapLike[{"tag":"forge:experience"}]
[05:02:21.458][ERROR]: Missing mandatory property "fluid" of type "minecraft:fluid" in MapLike[{"tag":"forge:experience"}]
[05:02:21.459][ERROR]: Missing mandatory property "fluid" of type "minecraft:fluid" in MapLike[{"tag":"forge:experience"}]
[05:02:21.459][ERROR]: Missing mandatory property "fluid" of type "minecraft:fluid" in MapLike[{"tag":"forge:experience"}]
[05:02:21.459][ERROR]: Missing mandatory property "fluid" of type "minecraft:fluid" in MapLike[{"tag":"forge:experience"}]
[05:02:21.460][ERROR]: Missing mandatory property "fluid" of type "minecraft:fluid" in MapLike[{"tag":"forge:experience"}]
[05:02:21.460][ERROR]: Missing mandatory property "fluid" of type "minecraft:fluid" in MapLike[{"tag":"forge:experience"}]
[05:02:21.460][ERROR]: Missing mandatory property "fluid" of type "minecraft:fluid" in MapLike[{"tag":"forge:experience"}]
[05:02:21.460][ERROR]: Missing mandatory property "fluid" of type "minecraft:fluid" in MapLike[{"tag":"forge:experience"}]
[05:02:21.462][ERROR]: Missing mandatory property "fluid" of type "minecraft:fluid" in MapLike[{"tag":"forge:experience"}]
[05:02:21.462][ERROR]: Missing mandatory property "fluid" of type "minecraft:fluid" in MapLike[{"tag":"forge:experience"}]
[05:02:21.463][ERROR]: Missing mandatory property "fluid" of type "minecraft:fluid" in MapLike[{"tag":"forge:experience"}]
[05:02:21.463][ERROR]: Missing mandatory property "fluid" of type "minecraft:fluid" in MapLike[{"tag":"forge:experience"}]
[05:02:21.464][ERROR]: Missing mandatory property "fluid" of type "minecraft:fluid" in MapLike[{"tag":"forge:experience"}]
[05:02:21.464][ERROR]: Missing mandatory property "fluid" of type "minecraft:fluid" in MapLike[{"tag":"forge:experience"}]
[05:02:21.465][ERROR]: Missing mandatory property "fluid" of type "minecraft:fluid" in MapLike[{"tag":"forge:experience"}]
[05:02:21.465][ERROR]: Missing mandatory property "fluid" of type "minecraft:fluid" in MapLike[{"tag":"forge:experience"}]
[05:02:21.465][ERROR]: Missing mandatory property "fluid" of type "minecraft:fluid" in MapLike[{"tag":"forge:experience"}]
[05:02:21.466][ERROR]: Missing mandatory property "fluid" of type "minecraft:fluid" in MapLike[{"tag":"forge:experience"}]
[05:02:21.466][ERROR]: Missing mandatory property "fluid" of type "minecraft:fluid" in MapLike[{"tag":"forge:experience"}]
[05:02:21.467][ERROR]: Missing mandatory property "fluid" of type "minecraft:fluid" in MapLike[{"tag":"forge:experience"}]
[05:02:21.467][ERROR]: Missing mandatory property "fluid" of type "minecraft:fluid" in MapLike[{"tag":"forge:experience"}]
[05:02:21.467][ERROR]: Missing mandatory property "fluid" of type "minecraft:fluid" in MapLike[{"tag":"forge:experience"}]
[05:02:21.467][ERROR]: Missing mandatory property "fluid" of type "minecraft:fluid" in MapLike[{"tag":"forge:experience"}]
[05:02:21.468][ERROR]: Missing mandatory property "fluid" of type "minecraft:fluid" in MapLike[{"tag":"forge:experience"}]
[05:02:21.468][ERROR]: Missing mandatory property "fluid" of type "minecraft:fluid" in MapLike[{"tag":"forge:experience"}]
[05:02:21.469][ERROR]: Missing mandatory property "fluid" of type "minecraft:fluid" in MapLike[{"tag":"forge:experience"}]
[05:02:21.469][ERROR]: Missing mandatory property "fluid" of type "minecraft:fluid" in MapLike[{"tag":"forge:experience"}]
[05:02:21.470][ERROR]: Missing mandatory property "fluid" of type "minecraft:fluid" in MapLike[{"tag":"forge:experience"}]
[05:02:21.470][ERROR]: Missing mandatory property "fluid" of type "minecraft:fluid" in MapLike[{"tag":"forge:experience"}]
[05:02:21.470][ERROR]: Missing mandatory property "fluid" of type "minecraft:fluid" in MapLike[{"tag":"forge:experience"}]
[05:02:21.470][ERROR]: Missing mandatory property "fluid" of type "minecraft:fluid" in MapLike[{"tag":"forge:experience"}]
[05:02:21.472][ERROR]: Missing mandatory property "fluid" of type "minecraft:fluid" in MapLike[{"tag":"forge:experience"}]
[05:02:21.472][ERROR]: Missing mandatory property "fluid" of type "minecraft:fluid" in MapLike[{"tag":"forge:experience"}]
[05:02:21.472][ERROR]: Missing mandatory property "fluid" of type "minecraft:fluid" in MapLike[{"tag":"forge:experience"}]
[05:02:21.473][ERROR]: Missing mandatory property "fluid" of type "minecraft:fluid" in MapLike[{"tag":"forge:experience"}]
[05:02:21.473][ERROR]: Missing mandatory property "fluid" of type "minecraft:fluid" in MapLike[{"tag":"forge:experience"}]
[05:02:21.473][ERROR]: Missing mandatory property "fluid" of type "minecraft:fluid" in MapLike[{"tag":"forge:experience"}]
[05:02:21.474][ERROR]: Missing mandatory property "fluid" of type "minecraft:fluid" in MapLike[{"tag":"forge:experience"}]
[05:02:21.474][ERROR]: Missing mandatory property "fluid" of type "minecraft:fluid" in MapLike[{"tag":"forge:experience"}]
[05:02:21.474][ERROR]: Missing mandatory property "fluid" of type "minecraft:fluid" in MapLike[{"tag":"forge:experience"}]
[05:02:21.474][ERROR]: Missing mandatory property "fluid" of type "minecraft:fluid" in MapLike[{"tag":"forge:experience"}]
[05:02:21.475][ERROR]: Missing mandatory property "fluid" of type "minecraft:fluid" in MapLike[{"tag":"forge:experience"}]
[05:02:21.475][ERROR]: Missing mandatory property "fluid" of type "minecraft:fluid" in MapLike[{"tag":"forge:experience"}]
[05:02:21.476][ERROR]: Missing mandatory property "fluid" of type "minecraft:fluid" in MapLike[{"tag":"forge:experience"}]
[05:02:21.476][ERROR]: Missing mandatory property "fluid" of type "minecraft:fluid" in MapLike[{"tag":"forge:experience"}]
[05:02:21.476][ERROR]: Missing mandatory property "fluid" of type "minecraft:fluid" in MapLike[{"tag":"forge:experience"}]
[05:02:21.477][ERROR]: Missing mandatory property "fluid" of type "minecraft:fluid" in MapLike[{"tag":"forge:experience"}]
[05:02:21.477][ERROR]: Missing mandatory property "fluid" of type "minecraft:fluid" in MapLike[{"tag":"forge:experience"}]
[05:02:21.478][ERROR]: Missing mandatory property "fluid" of type "minecraft:fluid" in MapLike[{"tag":"forge:experience"}]
[05:02:21.478][ERROR]: Missing mandatory property "fluid" of type "minecraft:fluid" in MapLike[{"tag":"forge:experience"}]
[05:02:21.478][ERROR]: Missing mandatory property "fluid" of type "minecraft:fluid" in MapLike[{"tag":"forge:experience"}]
[05:02:21.479][ERROR]: Missing mandatory property "fluid" of type "minecraft:fluid" in MapLike[{"tag":"forge:experience"}]
[05:02:21.479][ERROR]: Missing mandatory property "fluid" of type "minecraft:fluid" in MapLike[{"tag":"forge:experience"}]
[05:02:21.480][ERROR]: Missing mandatory property "fluid" of type "minecraft:fluid" in MapLike[{"tag":"forge:experience"}]
[05:02:21.480][ERROR]: Missing mandatory property "fluid" of type "minecraft:fluid" in MapLike[{"tag":"forge:experience"}]
[05:02:21.480][ERROR]: Missing mandatory property "fluid" of type "minecraft:fluid" in MapLike[{"tag":"forge:experience"}]
[05:02:21.482][ERROR]: Missing mandatory property "fluid" of type "minecraft:fluid" in MapLike[{"tag":"forge:experience"}]
[05:02:21.482][ERROR]: Missing mandatory property "fluid" of type "minecraft:fluid" in MapLike[{"tag":"forge:experience"}]
[05:02:21.482][ERROR]: Missing mandatory property "fluid" of type "minecraft:fluid" in MapLike[{"tag":"forge:experience"}]
[05:02:21.483][ERROR]: Missing mandatory property "fluid" of type "minecraft:fluid" in MapLike[{"tag":"forge:experience"}]
[05:02:21.483][ERROR]: Missing mandatory property "fluid" of type "minecraft:fluid" in MapLike[{"tag":"forge:experience"}]
[05:02:21.484][ERROR]: Missing mandatory property "fluid" of type "minecraft:fluid" in MapLike[{"tag":"forge:experience"}]
[05:02:21.484][ERROR]: Missing mandatory property "fluid" of type "minecraft:fluid" in MapLike[{"tag":"forge:experience"}]
[05:02:21.484][ERROR]: Missing mandatory property "fluid" of type "minecraft:fluid" in MapLike[{"tag":"forge:experience"}]
[05:02:21.485][ERROR]: Missing mandatory property "fluid" of type "minecraft:fluid" in MapLike[{"tag":"forge:experience"}]
[05:02:21.485][ERROR]: Missing mandatory property "fluid" of type "minecraft:fluid" in MapLike[{"tag":"forge:experience"}]
[05:02:21.485][ERROR]: Missing mandatory property "fluid" of type "minecraft:fluid" in MapLike[{"tag":"forge:experience"}]
[05:02:21.486][ERROR]: Missing mandatory property "fluid" of type "minecraft:fluid" in MapLike[{"tag":"forge:experience"}]
[05:02:21.486][ERROR]: Missing mandatory property "fluid" of type "minecraft:fluid" in MapLike[{"tag":"forge:experience"}]
[05:02:21.487][ERROR]: Missing mandatory property "fluid" of type "minecraft:fluid" in MapLike[{"tag":"forge:experience"}]
[05:02:21.487][ERROR]: Missing mandatory property "fluid" of type "minecraft:fluid" in MapLike[{"tag":"forge:experience"}]
[05:02:21.488][ERROR]: Missing mandatory property "fluid" of type "minecraft:fluid" in MapLike[{"tag":"forge:experience"}]
[05:02:21.488][ERROR]: Missing mandatory property "fluid" of type "minecraft:fluid" in MapLike[{"tag":"forge:experience"}]
[05:02:21.489][ERROR]: Missing mandatory property "fluid" of type "minecraft:fluid" in MapLike[{"tag":"forge:experience"}]
[05:02:21.489][ERROR]: Missing mandatory property "fluid" of type "minecraft:fluid" in MapLike[{"tag":"forge:experience"}]
[05:02:21.489][ERROR]: Missing mandatory property "fluid" of type "minecraft:fluid" in MapLike[{"tag":"forge:experience"}]
[05:02:21.490][ERROR]: Missing mandatory property "fluid" of type "minecraft:fluid" in MapLike[{"tag":"forge:experience"}]
[05:02:21.490][ERROR]: Missing mandatory property "fluid" of type "minecraft:fluid" in MapLike[{"tag":"forge:experience"}]
[05:02:21.491][ERROR]: Missing mandatory property "fluid" of type "minecraft:fluid" in MapLike[{"tag":"forge:experience"}]
[05:02:21.491][ERROR]: Missing mandatory property "fluid" of type "minecraft:fluid" in MapLike[{"tag":"forge:experience"}]
[05:02:21.491][ERROR]: Missing mandatory property "fluid" of type "minecraft:fluid" in MapLike[{"tag":"forge:experience"}]
[05:02:21.492][ERROR]: Missing mandatory property "fluid" of type "minecraft:fluid" in MapLike[{"tag":"forge:experience"}]
[05:02:21.492][ERROR]: Missing mandatory property "fluid" of type "minecraft:fluid" in MapLike[{"tag":"forge:experience"}]
[05:02:21.493][ERROR]: Missing mandatory property "fluid" of type "minecraft:fluid" in MapLike[{"tag":"forge:experience"}]
[05:02:21.493][ERROR]: Missing mandatory property "fluid" of type "minecraft:fluid" in MapLike[{"tag":"forge:experience"}]
[05:02:21.493][ERROR]: Missing mandatory property "fluid" of type "minecraft:fluid" in MapLike[{"tag":"forge:blood"}]
[05:02:21.494][ERROR]: Missing mandatory property "fluid" of type "minecraft:fluid" in MapLike[{"tag":"forge:experience"}]
[05:02:21.495][ERROR]: Missing mandatory property "fluid" of type "minecraft:fluid" in MapLike[{"tag":"forge:blood"}]
[05:02:21.495][ERROR]: Missing mandatory property "fluid" of type "minecraft:fluid" in MapLike[{"tag":"forge:experience"}]
[05:02:21.495][ERROR]: Missing mandatory property "fluid" of type "minecraft:fluid" in MapLike[{"tag":"forge:blood"}]
[05:02:21.496][ERROR]: Missing mandatory property "fluid" of type "minecraft:fluid" in MapLike[{"tag":"forge:experience"}]
[05:02:21.496][ERROR]: Missing mandatory property "fluid" of type "minecraft:fluid" in MapLike[{"tag":"forge:blood"}]
[05:02:21.497][ERROR]: Missing mandatory property "fluid" of type "minecraft:fluid" in MapLike[{"tag":"forge:experience"}]
[05:02:21.497][ERROR]: Missing mandatory property "fluid" of type "minecraft:fluid" in MapLike[{"tag":"forge:blood"}]
[05:02:25.794][INFO]: Reading Custom Machinery Machines...
[05:02:25.795][INFO]: Parsing machine json: ragnamod_7:simulation_matrix in datapack: KubeJS Resource Pack [data]
[05:02:25.804][INFO]: Successfully parsed machine json: ragnamod_7:simulation_matrix
[05:02:25.804][INFO]: Parsing machine json: ragnamod_7:focus_entangled in datapack: KubeJS Resource Pack [data]
[05:02:25.806][INFO]: Successfully parsed machine json: ragnamod_7:focus_entangled
[05:02:25.806][INFO]: Parsing machine json: ragnamod_7:advanced_neutron_collector in datapack: KubeJS Resource Pack [data]
[05:02:25.807][INFO]: Successfully parsed machine json: ragnamod_7:advanced_neutron_collector
[05:02:25.807][INFO]: Parsing machine json: ragnamod_7:digital_mob_agonizer_addon_bloodmagic in datapack: KubeJS Resource Pack [data]
[05:02:25.808][INFO]: Successfully parsed machine json: ragnamod_7:digital_mob_agonizer_addon_bloodmagic
[05:02:25.808][INFO]: Parsing machine json: ragnamod_7:extreme_table in datapack: KubeJS Resource Pack [data]
[05:02:25.813][INFO]: Successfully parsed machine json: ragnamod_7:extreme_table
[05:02:25.814][INFO]: Parsing machine json: ragnamod_7:excavator in datapack: KubeJS Resource Pack [data]
[05:02:25.815][INFO]: Successfully parsed machine json: ragnamod_7:excavator
[05:02:25.815][INFO]: Parsing machine json: ragnamod_7:digital_mob_agonizer_addon_evilcraft in datapack: KubeJS Resource Pack [data]
[05:02:25.816][INFO]: Successfully parsed machine json: ragnamod_7:digital_mob_agonizer_addon_evilcraft
[05:02:25.817][INFO]: Parsing machine json: ragnamod_7:psi_stabilizer in datapack: KubeJS Resource Pack [data]
[05:02:25.818][INFO]: Successfully parsed machine json: ragnamod_7:psi_stabilizer
[05:02:25.818][INFO]: Parsing machine json: ragnamod_7:honey_convertor in datapack: KubeJS Resource Pack [data]
[05:02:25.819][INFO]: Successfully parsed machine json: ragnamod_7:honey_convertor
[05:02:25.820][INFO]: Parsing machine json: ragnamod_7:advanced_hephaestus_forge in datapack: KubeJS Resource Pack [data]
[05:02:25.822][INFO]: Successfully parsed machine json: ragnamod_7:advanced_hephaestus_forge
[05:02:25.822][INFO]: Parsing machine json: ragnamod_7:singularity_catalyst in datapack: KubeJS Resource Pack [data]
[05:02:25.823][INFO]: Successfully parsed machine json: ragnamod_7:singularity_catalyst
[05:02:25.824][INFO]: Parsing machine json: ragnamod_7:model_evolution in datapack: KubeJS Resource Pack [data]
[05:02:25.825][INFO]: Successfully parsed machine json: ragnamod_7:model_evolution
[05:02:25.825][INFO]: Parsing machine json: ragnamod_7:black_sphere in datapack: KubeJS Resource Pack [data]
[05:02:25.826][INFO]: Successfully parsed machine json: ragnamod_7:black_sphere
[05:02:25.827][INFO]: Parsing machine json: ragnamod_7:digital_mob_agonizer in datapack: KubeJS Resource Pack [data]
[05:02:25.829][INFO]: Successfully parsed machine json: ragnamod_7:digital_mob_agonizer
[05:02:25.830][INFO]: Parsing machine json: ragnamod_7:ars_impregnation in datapack: KubeJS Resource Pack [data]
[05:02:25.831][INFO]: Successfully parsed machine json: ragnamod_7:ars_impregnation
[05:02:25.831][INFO]: Parsing machine json: ragnamod_7:soul_pedestal in datapack: KubeJS Resource Pack [data]
[05:02:25.832][INFO]: Successfully parsed machine json: ragnamod_7:soul_pedestal
[05:02:25.832][INFO]: Parsing machine json: ragnamod_7:auto_salvaging_table in datapack: KubeJS Resource Pack [data]
[05:02:25.833][INFO]: Successfully parsed machine json: ragnamod_7:auto_salvaging_table
[05:02:25.834][INFO]: Parsing machine json: ragnamod_7:will_factory in datapack: KubeJS Resource Pack [data]
[05:02:25.835][INFO]: Successfully parsed machine json: ragnamod_7:will_factory
[05:02:25.835][INFO]: Parsing machine json: ragnamod_7:enchanter in datapack: KubeJS Resource Pack [data]
[05:02:25.837][INFO]: Successfully parsed machine json: ragnamod_7:enchanter
[05:02:25.837][INFO]: Finished creating custom machines.
[05:02:25.837][INFO]: Reading Custom Machinery Upgrades json
[05:02:25.838][INFO]: Parsing upgrade json: ragnamod_7:bloody_addon in datapack: KubeJS Resource Pack [data]
[05:02:25.841][INFO]: Successfully parsed upgrade json: ragnamod_7:bloody_addon
[05:02:25.842][INFO]: Parsing upgrade json: ragnamod_7:speed_addon in datapack: KubeJS Resource Pack [data]
[05:02:25.842][INFO]: Successfully parsed upgrade json: ragnamod_7:speed_addon
[05:02:25.842][INFO]: Successfully parsed 2 upgrade json.
[05:02:25.842][INFO]: Collecting machine upgrades with kubeJS.
[05:02:25.843][INFO]: No machine upgrades found with kubejs
[05:02:25.844][INFO]: Finished creating custom machine upgrades.
