[07Mar2025 00:00:00.000] [ftbbackups2_Worker-1/INFO] [net.creeperhost.ftbbackups.FTBBackups/]: Attempting to create an automatic backup
[07Mar2025 00:00:00.011] [ftbbackups2_Worker-1/INFO] [net.creeperhost.ftbbackups.FTBBackups/]: Found world folder at C:\Users\marti\Downloads\ServMc\Ragnamod-VII-7.1.7-Server\.\world\.
[07Mar2025 00:00:00.383] [ftbbackups2_Worker-1/INFO] [net.creeperhost.ftbbackups.FTBBackups/]: Last backup size: 1.9GB Current world size: 2.6GB Current Available space: 635.5GB ExpectedSize 2.0GB
[07Mar2025 00:00:00.384] [ftbbackups2_Worker-1/INFO] [net.creeperhost.ftbbackups.FTBBackups/]: Setting world minecraft:overworld save state to true
[07Mar2025 00:00:00.384] [ftbbackups2_Worker-1/INFO] [net.creeperhost.ftbbackups.FTBBackups/]: Setting world twilightforest:twilight_forest save state to true
[07Mar2025 00:00:00.386] [ftbbackups2_Worker-1/INFO] [net.creeperhost.ftbbackups.FTBBackups/]: Setting world beyond_earth:mercury save state to true
[07Mar2025 00:00:00.386] [ftbbackups2_Worker-1/INFO] [net.creeperhost.ftbbackups.FTBBackups/]: Setting world ae2:spatial_storage save state to true
[07Mar2025 00:00:00.386] [ftbbackups2_Worker-1/INFO] [net.creeperhost.ftbbackups.FTBBackups/]: Setting world minecraft:the_nether save state to true
[07Mar2025 00:00:00.386] [ftbbackups2_Worker-1/INFO] [net.creeperhost.ftbbackups.FTBBackups/]: Setting world beyond_earth:venus save state to true
[07Mar2025 00:00:00.387] [ftbbackups2_Worker-1/INFO] [net.creeperhost.ftbbackups.FTBBackups/]: Setting world beyond_earth:glacio_orbit save state to true
[07Mar2025 00:00:00.387] [ftbbackups2_Worker-1/INFO] [net.creeperhost.ftbbackups.FTBBackups/]: Setting world beyond_earth:moon save state to true
[07Mar2025 00:00:00.387] [ftbbackups2_Worker-1/INFO] [net.creeperhost.ftbbackups.FTBBackups/]: Setting world javd:void save state to true
[07Mar2025 00:00:00.387] [ftbbackups2_Worker-1/INFO] [net.creeperhost.ftbbackups.FTBBackups/]: Setting world blue_skies:everbright save state to true
[07Mar2025 00:00:00.387] [ftbbackups2_Worker-1/INFO] [net.creeperhost.ftbbackups.FTBBackups/]: Setting world beyond_earth:venus_orbit save state to true
[07Mar2025 00:00:00.387] [ftbbackups2_Worker-1/INFO] [net.creeperhost.ftbbackups.FTBBackups/]: Setting world beyond_earth:glacio save state to true
[07Mar2025 00:00:00.387] [ftbbackups2_Worker-1/INFO] [net.creeperhost.ftbbackups.FTBBackups/]: Setting world minecraft:the_end save state to true
[07Mar2025 00:00:00.387] [ftbbackups2_Worker-1/INFO] [net.creeperhost.ftbbackups.FTBBackups/]: Setting world undergarden:undergarden save state to true
[07Mar2025 00:00:00.387] [ftbbackups2_Worker-1/INFO] [net.creeperhost.ftbbackups.FTBBackups/]: Setting world bloodmagic:dungeon save state to true
[07Mar2025 00:00:00.388] [ftbbackups2_Worker-1/INFO] [net.creeperhost.ftbbackups.FTBBackups/]: Setting world beyond_earth:moon_orbit save state to true
[07Mar2025 00:00:00.388] [ftbbackups2_Worker-1/INFO] [net.creeperhost.ftbbackups.FTBBackups/]: Setting world beyond_earth:mercury_orbit save state to true
[07Mar2025 00:00:00.388] [ftbbackups2_Worker-1/INFO] [net.creeperhost.ftbbackups.FTBBackups/]: Setting world compactmachines:compact_world save state to true
[07Mar2025 00:00:00.388] [ftbbackups2_Worker-1/INFO] [net.creeperhost.ftbbackups.FTBBackups/]: Setting world beyond_earth:mars_orbit save state to true
[07Mar2025 00:00:00.388] [ftbbackups2_Worker-1/INFO] [net.creeperhost.ftbbackups.FTBBackups/]: Setting world beyond_earth:mars save state to true
[07Mar2025 00:00:00.388] [ftbbackups2_Worker-1/INFO] [net.creeperhost.ftbbackups.FTBBackups/]: Setting world beyond_earth:earth_orbit save state to true
[07Mar2025 00:00:00.388] [ftbbackups2_Worker-1/INFO] [net.creeperhost.ftbbackups.FTBBackups/]: Setting world mythicbotany:alfheim save state to true
[07Mar2025 00:00:00.388] [ftbbackups2_Worker-1/INFO] [net.creeperhost.ftbbackups.FTBBackups/]: Setting world blue_skies:everdawn save state to true
[07Mar2025 00:00:00.390] [ftbbackups2_Worker-1/INFO] [net.creeperhost.ftbbackups.FTBBackups/]: Writing to file C:\Users\marti\Downloads\ServMc\Ragnamod-VII-7.1.7-Server\backups\backups.json
[07Mar2025 00:00:00.391] [FTB Backups backup thread 0/INFO] [net.creeperhost.ftbbackups.FTBBackups/]: Waiting for world save to complete.
[07Mar2025 00:00:01.120] [FTB Backups backup thread 0/INFO] [net.creeperhost.levelio.loader.SaveInfo/]: Detected MC Version 1.18.2, Data version 2975
[07Mar2025 00:00:01.120] [FTB Backups backup thread 0/INFO] [net.creeperhost.levelio.loader.SaveInfo/]: Save Name: world
[07Mar2025 00:00:01.457] [FTB Backups backup thread 0/WARN] [net.creeperhost.levelio.data.Level/]: Did not find a region folder for level: C:\Users\marti\Downloads\ServMc\Ragnamod-VII-7.1.7-Server\.\world\.\DIM1
[07Mar2025 00:00:01.457] [FTB Backups backup thread 0/WARN] [net.creeperhost.levelio.loader.LevelLoader/]: Found possible mod dimension with no region folder ae2:spatial_storage
[07Mar2025 00:00:01.460] [FTB Backups backup thread 0/WARN] [net.creeperhost.levelio.loader.LevelLoader/]: Found possible mod dimension with no region folder beyond_earth:glacio
[07Mar2025 00:00:01.461] [FTB Backups backup thread 0/WARN] [net.creeperhost.levelio.loader.LevelLoader/]: Found possible mod dimension with no region folder beyond_earth:glacio_orbit
[07Mar2025 00:00:01.463] [FTB Backups backup thread 0/WARN] [net.creeperhost.levelio.loader.LevelLoader/]: Found possible mod dimension with no region folder beyond_earth:mars_orbit
[07Mar2025 00:00:01.464] [FTB Backups backup thread 0/WARN] [net.creeperhost.levelio.loader.LevelLoader/]: Found possible mod dimension with no region folder beyond_earth:mercury
[07Mar2025 00:00:01.464] [FTB Backups backup thread 0/WARN] [net.creeperhost.levelio.loader.LevelLoader/]: Found possible mod dimension with no region folder beyond_earth:mercury_orbit
[07Mar2025 00:00:01.469] [FTB Backups backup thread 0/WARN] [net.creeperhost.levelio.loader.LevelLoader/]: Found possible mod dimension with no region folder beyond_earth:moon_orbit
[07Mar2025 00:00:01.469] [FTB Backups backup thread 0/WARN] [net.creeperhost.levelio.loader.LevelLoader/]: Found possible mod dimension with no region folder beyond_earth:venus
[07Mar2025 00:00:01.469] [FTB Backups backup thread 0/WARN] [net.creeperhost.levelio.loader.LevelLoader/]: Found possible mod dimension with no region folder beyond_earth:venus_orbit
[07Mar2025 00:00:01.470] [FTB Backups backup thread 0/WARN] [net.creeperhost.levelio.loader.LevelLoader/]: Found possible mod dimension with no region folder bloodmagic:dungeon
[07Mar2025 00:00:01.477] [FTB Backups backup thread 0/WARN] [net.creeperhost.levelio.loader.LevelLoader/]: Found possible mod dimension with no region folder compactmachines:compact_world
[07Mar2025 00:00:01.477] [FTB Backups backup thread 0/WARN] [net.creeperhost.levelio.loader.LevelLoader/]: Found possible mod dimension with no region folder javd:void
[07Mar2025 00:00:01.477] [FTB Backups backup thread 0/WARN] [net.creeperhost.levelio.loader.LevelLoader/]: Found possible mod dimension with no region folder mythicbotany:alfheim
[07Mar2025 00:00:04.982] [FTB Backups backup thread 0/INFO] [net.creeperhost.ftbbackups.FTBBackups/]: Backup preview created, Scan took 2216ms, Capture took 1777ms
[07Mar2025 00:00:07.493] [Server thread/WARN] [pneumaticcraft/]: Amadron: failed to find any trades for profession evilcraft:werewolf ?
[07Mar2025 00:00:23.691] [Server thread/INFO] [net.minecraft.server.dedicated.DedicatedServer/]: Pyhrrah has made the advancement [Take Aim]
[07Mar2025 00:01:03.535] [FTB Backups backup thread 0/INFO] [net.creeperhost.ftbbackups.FTBBackups/]: Setting world minecraft:overworld save state to false
[07Mar2025 00:01:03.535] [FTB Backups backup thread 0/INFO] [net.creeperhost.ftbbackups.FTBBackups/]: Setting world twilightforest:twilight_forest save state to false
[07Mar2025 00:01:03.535] [FTB Backups backup thread 0/INFO] [net.creeperhost.ftbbackups.FTBBackups/]: Setting world beyond_earth:mercury save state to false
[07Mar2025 00:01:03.535] [FTB Backups backup thread 0/INFO] [net.creeperhost.ftbbackups.FTBBackups/]: Setting world ae2:spatial_storage save state to false
[07Mar2025 00:01:03.536] [FTB Backups backup thread 0/INFO] [net.creeperhost.ftbbackups.FTBBackups/]: Setting world minecraft:the_nether save state to false
[07Mar2025 00:01:03.536] [FTB Backups backup thread 0/INFO] [net.creeperhost.ftbbackups.FTBBackups/]: Setting world beyond_earth:venus save state to false
[07Mar2025 00:01:03.536] [FTB Backups backup thread 0/INFO] [net.creeperhost.ftbbackups.FTBBackups/]: Setting world beyond_earth:glacio_orbit save state to false
[07Mar2025 00:01:03.536] [FTB Backups backup thread 0/INFO] [net.creeperhost.ftbbackups.FTBBackups/]: Setting world beyond_earth:moon save state to false
[07Mar2025 00:01:03.536] [FTB Backups backup thread 0/INFO] [net.creeperhost.ftbbackups.FTBBackups/]: Setting world javd:void save state to false
[07Mar2025 00:01:03.536] [FTB Backups backup thread 0/INFO] [net.creeperhost.ftbbackups.FTBBackups/]: Setting world blue_skies:everbright save state to false
[07Mar2025 00:01:03.536] [FTB Backups backup thread 0/INFO] [net.creeperhost.ftbbackups.FTBBackups/]: Setting world beyond_earth:venus_orbit save state to false
[07Mar2025 00:01:03.537] [FTB Backups backup thread 0/INFO] [net.creeperhost.ftbbackups.FTBBackups/]: Setting world beyond_earth:glacio save state to false
[07Mar2025 00:01:03.537] [FTB Backups backup thread 0/INFO] [net.creeperhost.ftbbackups.FTBBackups/]: Setting world minecraft:the_end save state to false
[07Mar2025 00:01:03.537] [FTB Backups backup thread 0/INFO] [net.creeperhost.ftbbackups.FTBBackups/]: Setting world undergarden:undergarden save state to false
[07Mar2025 00:01:03.537] [FTB Backups backup thread 0/INFO] [net.creeperhost.ftbbackups.FTBBackups/]: Setting world bloodmagic:dungeon save state to false
[07Mar2025 00:01:03.537] [FTB Backups backup thread 0/INFO] [net.creeperhost.ftbbackups.FTBBackups/]: Setting world beyond_earth:moon_orbit save state to false
[07Mar2025 00:01:03.537] [FTB Backups backup thread 0/INFO] [net.creeperhost.ftbbackups.FTBBackups/]: Setting world beyond_earth:mercury_orbit save state to false
[07Mar2025 00:01:03.537] [FTB Backups backup thread 0/INFO] [net.creeperhost.ftbbackups.FTBBackups/]: Setting world compactmachines:compact_world save state to false
[07Mar2025 00:01:03.537] [FTB Backups backup thread 0/INFO] [net.creeperhost.ftbbackups.FTBBackups/]: Setting world beyond_earth:mars_orbit save state to false
[07Mar2025 00:01:03.537] [FTB Backups backup thread 0/INFO] [net.creeperhost.ftbbackups.FTBBackups/]: Setting world beyond_earth:mars save state to false
[07Mar2025 00:01:03.537] [FTB Backups backup thread 0/INFO] [net.creeperhost.ftbbackups.FTBBackups/]: Setting world beyond_earth:earth_orbit save state to false
[07Mar2025 00:01:03.537] [FTB Backups backup thread 0/INFO] [net.creeperhost.ftbbackups.FTBBackups/]: Setting world mythicbotany:alfheim save state to false
[07Mar2025 00:01:03.538] [FTB Backups backup thread 0/INFO] [net.creeperhost.ftbbackups.FTBBackups/]: Setting world blue_skies:everdawn save state to false
[07Mar2025 00:01:05.409] [FTB Backups backup thread 0/INFO] [net.creeperhost.ftbbackups.FTBBackups/]: Backup size 1.9GB World Size 2.6GB
[07Mar2025 00:01:05.410] [FTB Backups backup thread 0/INFO] [net.creeperhost.ftbbackups.FTBBackups/]: Writing to file C:\Users\marti\Downloads\ServMc\Ragnamod-VII-7.1.7-Server\backups\backups.json
[07Mar2025 00:01:05.412] [FTB Backups backup thread 0/INFO] [net.creeperhost.ftbbackups.FTBBackups/]: New backup created at C:\Users\marti\Downloads\ServMc\Ragnamod-VII-7.1.7-Server\backups\2025-3-7_0-0-0.zip size: 1.9GB Took: 1m, 3s, 60148ms Sha1: d35b1ffc1bcda443e0758c4c177e1dbcdb8b9bfc
[07Mar2025 00:01:27.945] [FTB Backups scheduled executor 0/INFO] [net.creeperhost.ftbbackups.FTBBackups/]: More backups than 5 found, Removing oldest backup
[07Mar2025 00:01:28.109] [FTB Backups scheduled executor 0/INFO] [net.creeperhost.ftbbackups.FTBBackups/]: Removed old backup 2025-3-6_20-30-0.zip
[07Mar2025 00:01:28.110] [FTB Backups scheduled executor 0/INFO] [net.creeperhost.ftbbackups.FTBBackups/]: File missing, removing from backups C:\Users\marti\Downloads\ServMc\Ragnamod-VII-7.1.7-Server\backups\2025-3-6_20-30-0.zip
[07Mar2025 00:01:28.111] [FTB Backups scheduled executor 0/INFO] [net.creeperhost.ftbbackups.FTBBackups/]: Writing to file C:\Users\marti\Downloads\ServMc\Ragnamod-VII-7.1.7-Server\backups\backups.json
[07Mar2025 00:02:43.876] [Server thread/INFO] [net.minecraft.server.dedicated.DedicatedServer/]: Pyhrrah has made the advancement [Diamonds!]
[07Mar2025 00:13:03.242] [Server thread/INFO] [net.minecraft.server.network.ServerGamePacketListenerImpl/]: Pyhrrah lost connection: Disconnected
[07Mar2025 00:13:03.242] [Server thread/INFO] [net.minecraft.server.dedicated.DedicatedServer/]: Pyhrrah left the game
[07Mar2025 00:30:00.001] [ftbbackups2_Worker-1/INFO] [net.creeperhost.ftbbackups.FTBBackups/]: Attempting to create an automatic backup
[07Mar2025 00:30:00.001] [ftbbackups2_Worker-1/INFO] [net.creeperhost.ftbbackups.FTBBackups/]: Found world folder at C:\Users\marti\Downloads\ServMc\Ragnamod-VII-7.1.7-Server\.\world\.
[07Mar2025 00:30:00.438] [ftbbackups2_Worker-1/INFO] [net.creeperhost.ftbbackups.FTBBackups/]: Last backup size: 1.9GB Current world size: 2.6GB Current Available space: 635.5GB ExpectedSize 2.0GB
[07Mar2025 00:30:00.438] [ftbbackups2_Worker-1/INFO] [net.creeperhost.ftbbackups.FTBBackups/]: Setting world minecraft:overworld save state to true
[07Mar2025 00:30:00.438] [ftbbackups2_Worker-1/INFO] [net.creeperhost.ftbbackups.FTBBackups/]: Setting world twilightforest:twilight_forest save state to true
[07Mar2025 00:30:00.438] [ftbbackups2_Worker-1/INFO] [net.creeperhost.ftbbackups.FTBBackups/]: Setting world beyond_earth:mercury save state to true
[07Mar2025 00:30:00.438] [ftbbackups2_Worker-1/INFO] [net.creeperhost.ftbbackups.FTBBackups/]: Setting world ae2:spatial_storage save state to true
[07Mar2025 00:30:00.438] [ftbbackups2_Worker-1/INFO] [net.creeperhost.ftbbackups.FTBBackups/]: Setting world minecraft:the_nether save state to true
[07Mar2025 00:30:00.439] [ftbbackups2_Worker-1/INFO] [net.creeperhost.ftbbackups.FTBBackups/]: Setting world beyond_earth:venus save state to true
[07Mar2025 00:30:00.439] [ftbbackups2_Worker-1/INFO] [net.creeperhost.ftbbackups.FTBBackups/]: Setting world beyond_earth:glacio_orbit save state to true
[07Mar2025 00:30:00.439] [ftbbackups2_Worker-1/INFO] [net.creeperhost.ftbbackups.FTBBackups/]: Setting world beyond_earth:moon save state to true
[07Mar2025 00:30:00.439] [ftbbackups2_Worker-1/INFO] [net.creeperhost.ftbbackups.FTBBackups/]: Setting world javd:void save state to true
[07Mar2025 00:30:00.439] [ftbbackups2_Worker-1/INFO] [net.creeperhost.ftbbackups.FTBBackups/]: Setting world blue_skies:everbright save state to true
[07Mar2025 00:30:00.439] [ftbbackups2_Worker-1/INFO] [net.creeperhost.ftbbackups.FTBBackups/]: Setting world beyond_earth:venus_orbit save state to true
[07Mar2025 00:30:00.439] [ftbbackups2_Worker-1/INFO] [net.creeperhost.ftbbackups.FTBBackups/]: Setting world beyond_earth:glacio save state to true
[07Mar2025 00:30:00.439] [ftbbackups2_Worker-1/INFO] [net.creeperhost.ftbbackups.FTBBackups/]: Setting world minecraft:the_end save state to true
[07Mar2025 00:30:00.439] [ftbbackups2_Worker-1/INFO] [net.creeperhost.ftbbackups.FTBBackups/]: Setting world undergarden:undergarden save state to true
[07Mar2025 00:30:00.439] [ftbbackups2_Worker-1/INFO] [net.creeperhost.ftbbackups.FTBBackups/]: Setting world bloodmagic:dungeon save state to true
[07Mar2025 00:30:00.439] [ftbbackups2_Worker-1/INFO] [net.creeperhost.ftbbackups.FTBBackups/]: Setting world beyond_earth:moon_orbit save state to true
[07Mar2025 00:30:00.439] [ftbbackups2_Worker-1/INFO] [net.creeperhost.ftbbackups.FTBBackups/]: Setting world beyond_earth:mercury_orbit save state to true
[07Mar2025 00:30:00.439] [ftbbackups2_Worker-1/INFO] [net.creeperhost.ftbbackups.FTBBackups/]: Setting world compactmachines:compact_world save state to true
[07Mar2025 00:30:00.439] [ftbbackups2_Worker-1/INFO] [net.creeperhost.ftbbackups.FTBBackups/]: Setting world beyond_earth:mars_orbit save state to true
[07Mar2025 00:30:00.439] [ftbbackups2_Worker-1/INFO] [net.creeperhost.ftbbackups.FTBBackups/]: Setting world beyond_earth:mars save state to true
[07Mar2025 00:30:00.440] [ftbbackups2_Worker-1/INFO] [net.creeperhost.ftbbackups.FTBBackups/]: Setting world beyond_earth:earth_orbit save state to true
[07Mar2025 00:30:00.440] [ftbbackups2_Worker-1/INFO] [net.creeperhost.ftbbackups.FTBBackups/]: Setting world mythicbotany:alfheim save state to true
[07Mar2025 00:30:00.440] [ftbbackups2_Worker-1/INFO] [net.creeperhost.ftbbackups.FTBBackups/]: Setting world blue_skies:everdawn save state to true
[07Mar2025 00:30:00.441] [ftbbackups2_Worker-1/INFO] [net.creeperhost.ftbbackups.FTBBackups/]: Writing to file C:\Users\marti\Downloads\ServMc\Ragnamod-VII-7.1.7-Server\backups\backups.json
[07Mar2025 00:30:00.442] [FTB Backups backup thread 0/INFO] [net.creeperhost.ftbbackups.FTBBackups/]: Waiting for world save to complete.
[07Mar2025 00:30:01.095] [FTB Backups backup thread 0/INFO] [net.creeperhost.levelio.loader.SaveInfo/]: Detected MC Version 1.18.2, Data version 2975
[07Mar2025 00:30:01.095] [FTB Backups backup thread 0/INFO] [net.creeperhost.levelio.loader.SaveInfo/]: Save Name: world
[07Mar2025 00:30:01.429] [FTB Backups backup thread 0/WARN] [net.creeperhost.levelio.data.Level/]: Did not find a region folder for level: C:\Users\marti\Downloads\ServMc\Ragnamod-VII-7.1.7-Server\.\world\.\DIM1
[07Mar2025 00:30:01.429] [FTB Backups backup thread 0/WARN] [net.creeperhost.levelio.loader.LevelLoader/]: Found possible mod dimension with no region folder ae2:spatial_storage
[07Mar2025 00:30:01.432] [FTB Backups backup thread 0/WARN] [net.creeperhost.levelio.loader.LevelLoader/]: Found possible mod dimension with no region folder beyond_earth:glacio
[07Mar2025 00:30:01.432] [FTB Backups backup thread 0/WARN] [net.creeperhost.levelio.loader.LevelLoader/]: Found possible mod dimension with no region folder beyond_earth:glacio_orbit
[07Mar2025 00:30:01.434] [FTB Backups backup thread 0/WARN] [net.creeperhost.levelio.loader.LevelLoader/]: Found possible mod dimension with no region folder beyond_earth:mars_orbit
[07Mar2025 00:30:01.435] [FTB Backups backup thread 0/WARN] [net.creeperhost.levelio.loader.LevelLoader/]: Found possible mod dimension with no region folder beyond_earth:mercury
[07Mar2025 00:30:01.435] [FTB Backups backup thread 0/WARN] [net.creeperhost.levelio.loader.LevelLoader/]: Found possible mod dimension with no region folder beyond_earth:mercury_orbit
[07Mar2025 00:30:01.440] [FTB Backups backup thread 0/WARN] [net.creeperhost.levelio.loader.LevelLoader/]: Found possible mod dimension with no region folder beyond_earth:moon_orbit
[07Mar2025 00:30:01.440] [FTB Backups backup thread 0/WARN] [net.creeperhost.levelio.loader.LevelLoader/]: Found possible mod dimension with no region folder beyond_earth:venus
[07Mar2025 00:30:01.440] [FTB Backups backup thread 0/WARN] [net.creeperhost.levelio.loader.LevelLoader/]: Found possible mod dimension with no region folder beyond_earth:venus_orbit
[07Mar2025 00:30:01.440] [FTB Backups backup thread 0/WARN] [net.creeperhost.levelio.loader.LevelLoader/]: Found possible mod dimension with no region folder bloodmagic:dungeon
[07Mar2025 00:30:01.447] [FTB Backups backup thread 0/WARN] [net.creeperhost.levelio.loader.LevelLoader/]: Found possible mod dimension with no region folder compactmachines:compact_world
[07Mar2025 00:30:01.447] [FTB Backups backup thread 0/WARN] [net.creeperhost.levelio.loader.LevelLoader/]: Found possible mod dimension with no region folder javd:void
[07Mar2025 00:30:01.448] [FTB Backups backup thread 0/WARN] [net.creeperhost.levelio.loader.LevelLoader/]: Found possible mod dimension with no region folder mythicbotany:alfheim
[07Mar2025 00:30:04.873] [FTB Backups backup thread 0/INFO] [net.creeperhost.ftbbackups.FTBBackups/]: Backup preview created, Scan took 2225ms, Capture took 1687ms
[07Mar2025 00:31:04.069] [FTB Backups backup thread 0/INFO] [net.creeperhost.ftbbackups.FTBBackups/]: Setting world minecraft:overworld save state to false
[07Mar2025 00:31:04.069] [FTB Backups backup thread 0/INFO] [net.creeperhost.ftbbackups.FTBBackups/]: Setting world twilightforest:twilight_forest save state to false
[07Mar2025 00:31:04.069] [FTB Backups backup thread 0/INFO] [net.creeperhost.ftbbackups.FTBBackups/]: Setting world beyond_earth:mercury save state to false
[07Mar2025 00:31:04.069] [FTB Backups backup thread 0/INFO] [net.creeperhost.ftbbackups.FTBBackups/]: Setting world ae2:spatial_storage save state to false
[07Mar2025 00:31:04.070] [FTB Backups backup thread 0/INFO] [net.creeperhost.ftbbackups.FTBBackups/]: Setting world minecraft:the_nether save state to false
[07Mar2025 00:31:04.070] [FTB Backups backup thread 0/INFO] [net.creeperhost.ftbbackups.FTBBackups/]: Setting world beyond_earth:venus save state to false
[07Mar2025 00:31:04.070] [FTB Backups backup thread 0/INFO] [net.creeperhost.ftbbackups.FTBBackups/]: Setting world beyond_earth:glacio_orbit save state to false
[07Mar2025 00:31:04.070] [FTB Backups backup thread 0/INFO] [net.creeperhost.ftbbackups.FTBBackups/]: Setting world beyond_earth:moon save state to false
[07Mar2025 00:31:04.070] [FTB Backups backup thread 0/INFO] [net.creeperhost.ftbbackups.FTBBackups/]: Setting world javd:void save state to false
[07Mar2025 00:31:04.070] [FTB Backups backup thread 0/INFO] [net.creeperhost.ftbbackups.FTBBackups/]: Setting world blue_skies:everbright save state to false
[07Mar2025 00:31:04.070] [FTB Backups backup thread 0/INFO] [net.creeperhost.ftbbackups.FTBBackups/]: Setting world beyond_earth:venus_orbit save state to false
[07Mar2025 00:31:04.070] [FTB Backups backup thread 0/INFO] [net.creeperhost.ftbbackups.FTBBackups/]: Setting world beyond_earth:glacio save state to false
[07Mar2025 00:31:04.070] [FTB Backups backup thread 0/INFO] [net.creeperhost.ftbbackups.FTBBackups/]: Setting world minecraft:the_end save state to false
[07Mar2025 00:31:04.070] [FTB Backups backup thread 0/INFO] [net.creeperhost.ftbbackups.FTBBackups/]: Setting world undergarden:undergarden save state to false
[07Mar2025 00:31:04.070] [FTB Backups backup thread 0/INFO] [net.creeperhost.ftbbackups.FTBBackups/]: Setting world bloodmagic:dungeon save state to false
[07Mar2025 00:31:04.070] [FTB Backups backup thread 0/INFO] [net.creeperhost.ftbbackups.FTBBackups/]: Setting world beyond_earth:moon_orbit save state to false
[07Mar2025 00:31:04.070] [FTB Backups backup thread 0/INFO] [net.creeperhost.ftbbackups.FTBBackups/]: Setting world beyond_earth:mercury_orbit save state to false
[07Mar2025 00:31:04.070] [FTB Backups backup thread 0/INFO] [net.creeperhost.ftbbackups.FTBBackups/]: Setting world compactmachines:compact_world save state to false
[07Mar2025 00:31:04.070] [FTB Backups backup thread 0/INFO] [net.creeperhost.ftbbackups.FTBBackups/]: Setting world beyond_earth:mars_orbit save state to false
[07Mar2025 00:31:04.070] [FTB Backups backup thread 0/INFO] [net.creeperhost.ftbbackups.FTBBackups/]: Setting world beyond_earth:mars save state to false
[07Mar2025 00:31:04.070] [FTB Backups backup thread 0/INFO] [net.creeperhost.ftbbackups.FTBBackups/]: Setting world beyond_earth:earth_orbit save state to false
[07Mar2025 00:31:04.070] [FTB Backups backup thread 0/INFO] [net.creeperhost.ftbbackups.FTBBackups/]: Setting world mythicbotany:alfheim save state to false
[07Mar2025 00:31:04.070] [FTB Backups backup thread 0/INFO] [net.creeperhost.ftbbackups.FTBBackups/]: Setting world blue_skies:everdawn save state to false
[07Mar2025 00:31:05.933] [FTB Backups backup thread 0/INFO] [net.creeperhost.ftbbackups.FTBBackups/]: Backup size 1.9GB World Size 2.6GB
[07Mar2025 00:31:05.934] [FTB Backups backup thread 0/INFO] [net.creeperhost.ftbbackups.FTBBackups/]: Writing to file C:\Users\marti\Downloads\ServMc\Ragnamod-VII-7.1.7-Server\backups\backups.json
[07Mar2025 00:31:05.936] [FTB Backups backup thread 0/INFO] [net.creeperhost.ftbbackups.FTBBackups/]: New backup created at C:\Users\marti\Downloads\ServMc\Ragnamod-VII-7.1.7-Server\backups\2025-3-7_0-30-0.zip size: 1.9GB Took: 1m, 3s, 60631ms Sha1: 02a9fd4b453e0dc1b058cbe573268a86692ee671
[07Mar2025 00:31:27.946] [FTB Backups scheduled executor 0/INFO] [net.creeperhost.ftbbackups.FTBBackups/]: More backups than 5 found, Removing oldest backup
[07Mar2025 00:31:28.111] [FTB Backups scheduled executor 0/INFO] [net.creeperhost.ftbbackups.FTBBackups/]: Removed old backup 2025-3-6_21-0-0.zip
[07Mar2025 00:31:28.112] [FTB Backups scheduled executor 0/INFO] [net.creeperhost.ftbbackups.FTBBackups/]: File missing, removing from backups C:\Users\marti\Downloads\ServMc\Ragnamod-VII-7.1.7-Server\backups\2025-3-6_21-0-0.zip
[07Mar2025 00:31:28.114] [FTB Backups scheduled executor 0/INFO] [net.creeperhost.ftbbackups.FTBBackups/]: Writing to file C:\Users\marti\Downloads\ServMc\Ragnamod-VII-7.1.7-Server\backups\backups.json
[07Mar2025 00:33:53.217] [Server thread/INFO] [net.minecraft.server.dedicated.DedicatedServer/]: Appalog has reached the goal [Bone Crusher]
[07Mar2025 00:47:03.140] [Server thread/INFO] [net.minecraft.server.network.ServerGamePacketListenerImpl/]: Appalog lost connection: Disconnected
[07Mar2025 00:47:03.142] [Server thread/INFO] [net.minecraft.server.dedicated.DedicatedServer/]: Appalog left the game
[07Mar2025 01:00:00.005] [ftbbackups2_Worker-1/INFO] [net.creeperhost.ftbbackups.FTBBackups/]: Attempting to create an automatic backup
[07Mar2025 01:00:00.006] [ftbbackups2_Worker-1/INFO] [net.creeperhost.ftbbackups.FTBBackups/]: Found world folder at C:\Users\marti\Downloads\ServMc\Ragnamod-VII-7.1.7-Server\.\world\.
[07Mar2025 01:00:00.345] [ftbbackups2_Worker-1/INFO] [net.creeperhost.ftbbackups.FTBBackups/]: Last backup size: 1.9GB Current world size: 2.6GB Current Available space: 635.2GB ExpectedSize 2.0GB
[07Mar2025 01:00:00.346] [ftbbackups2_Worker-1/INFO] [net.creeperhost.ftbbackups.FTBBackups/]: Setting world minecraft:overworld save state to true
[07Mar2025 01:00:00.346] [ftbbackups2_Worker-1/INFO] [net.creeperhost.ftbbackups.FTBBackups/]: Setting world twilightforest:twilight_forest save state to true
[07Mar2025 01:00:00.346] [ftbbackups2_Worker-1/INFO] [net.creeperhost.ftbbackups.FTBBackups/]: Setting world beyond_earth:mercury save state to true
[07Mar2025 01:00:00.346] [ftbbackups2_Worker-1/INFO] [net.creeperhost.ftbbackups.FTBBackups/]: Setting world ae2:spatial_storage save state to true
[07Mar2025 01:00:00.346] [ftbbackups2_Worker-1/INFO] [net.creeperhost.ftbbackups.FTBBackups/]: Setting world minecraft:the_nether save state to true
[07Mar2025 01:00:00.346] [ftbbackups2_Worker-1/INFO] [net.creeperhost.ftbbackups.FTBBackups/]: Setting world beyond_earth:venus save state to true
[07Mar2025 01:00:00.346] [ftbbackups2_Worker-1/INFO] [net.creeperhost.ftbbackups.FTBBackups/]: Setting world beyond_earth:glacio_orbit save state to true
[07Mar2025 01:00:00.346] [ftbbackups2_Worker-1/INFO] [net.creeperhost.ftbbackups.FTBBackups/]: Setting world beyond_earth:moon save state to true
[07Mar2025 01:00:00.346] [ftbbackups2_Worker-1/INFO] [net.creeperhost.ftbbackups.FTBBackups/]: Setting world javd:void save state to true
[07Mar2025 01:00:00.346] [ftbbackups2_Worker-1/INFO] [net.creeperhost.ftbbackups.FTBBackups/]: Setting world blue_skies:everbright save state to true
[07Mar2025 01:00:00.346] [ftbbackups2_Worker-1/INFO] [net.creeperhost.ftbbackups.FTBBackups/]: Setting world beyond_earth:venus_orbit save state to true
[07Mar2025 01:00:00.346] [ftbbackups2_Worker-1/INFO] [net.creeperhost.ftbbackups.FTBBackups/]: Setting world beyond_earth:glacio save state to true
[07Mar2025 01:00:00.346] [ftbbackups2_Worker-1/INFO] [net.creeperhost.ftbbackups.FTBBackups/]: Setting world minecraft:the_end save state to true
[07Mar2025 01:00:00.346] [ftbbackups2_Worker-1/INFO] [net.creeperhost.ftbbackups.FTBBackups/]: Setting world undergarden:undergarden save state to true
[07Mar2025 01:00:00.346] [ftbbackups2_Worker-1/INFO] [net.creeperhost.ftbbackups.FTBBackups/]: Setting world bloodmagic:dungeon save state to true
[07Mar2025 01:00:00.346] [ftbbackups2_Worker-1/INFO] [net.creeperhost.ftbbackups.FTBBackups/]: Setting world beyond_earth:moon_orbit save state to true
[07Mar2025 01:00:00.346] [ftbbackups2_Worker-1/INFO] [net.creeperhost.ftbbackups.FTBBackups/]: Setting world beyond_earth:mercury_orbit save state to true
[07Mar2025 01:00:00.346] [ftbbackups2_Worker-1/INFO] [net.creeperhost.ftbbackups.FTBBackups/]: Setting world compactmachines:compact_world save state to true
[07Mar2025 01:00:00.346] [ftbbackups2_Worker-1/INFO] [net.creeperhost.ftbbackups.FTBBackups/]: Setting world beyond_earth:mars_orbit save state to true
[07Mar2025 01:00:00.347] [ftbbackups2_Worker-1/INFO] [net.creeperhost.ftbbackups.FTBBackups/]: Setting world beyond_earth:mars save state to true
[07Mar2025 01:00:00.347] [ftbbackups2_Worker-1/INFO] [net.creeperhost.ftbbackups.FTBBackups/]: Setting world beyond_earth:earth_orbit save state to true
[07Mar2025 01:00:00.347] [ftbbackups2_Worker-1/INFO] [net.creeperhost.ftbbackups.FTBBackups/]: Setting world mythicbotany:alfheim save state to true
[07Mar2025 01:00:00.347] [ftbbackups2_Worker-1/INFO] [net.creeperhost.ftbbackups.FTBBackups/]: Setting world blue_skies:everdawn save state to true
[07Mar2025 01:00:00.348] [ftbbackups2_Worker-1/INFO] [net.creeperhost.ftbbackups.FTBBackups/]: Writing to file C:\Users\marti\Downloads\ServMc\Ragnamod-VII-7.1.7-Server\backups\backups.json
[07Mar2025 01:00:00.350] [FTB Backups backup thread 0/INFO] [net.creeperhost.ftbbackups.FTBBackups/]: Waiting for world save to complete.
[07Mar2025 01:00:00.871] [FTB Backups backup thread 0/INFO] [net.creeperhost.levelio.loader.SaveInfo/]: Detected MC Version 1.18.2, Data version 2975
[07Mar2025 01:00:00.871] [FTB Backups backup thread 0/INFO] [net.creeperhost.levelio.loader.SaveInfo/]: Save Name: world
[07Mar2025 01:00:01.175] [FTB Backups backup thread 0/WARN] [net.creeperhost.levelio.data.Level/]: Did not find a region folder for level: C:\Users\marti\Downloads\ServMc\Ragnamod-VII-7.1.7-Server\.\world\.\DIM1
[07Mar2025 01:00:01.177] [FTB Backups backup thread 0/WARN] [net.creeperhost.levelio.loader.LevelLoader/]: Found possible mod dimension with no region folder ae2:spatial_storage
[07Mar2025 01:00:01.179] [FTB Backups backup thread 0/WARN] [net.creeperhost.levelio.loader.LevelLoader/]: Found possible mod dimension with no region folder beyond_earth:glacio
[07Mar2025 01:00:01.180] [FTB Backups backup thread 0/WARN] [net.creeperhost.levelio.loader.LevelLoader/]: Found possible mod dimension with no region folder beyond_earth:glacio_orbit
[07Mar2025 01:00:01.182] [FTB Backups backup thread 0/WARN] [net.creeperhost.levelio.loader.LevelLoader/]: Found possible mod dimension with no region folder beyond_earth:mars_orbit
[07Mar2025 01:00:01.182] [FTB Backups backup thread 0/WARN] [net.creeperhost.levelio.loader.LevelLoader/]: Found possible mod dimension with no region folder beyond_earth:mercury
[07Mar2025 01:00:01.182] [FTB Backups backup thread 0/WARN] [net.creeperhost.levelio.loader.LevelLoader/]: Found possible mod dimension with no region folder beyond_earth:mercury_orbit
[07Mar2025 01:00:01.189] [FTB Backups backup thread 0/WARN] [net.creeperhost.levelio.loader.LevelLoader/]: Found possible mod dimension with no region folder beyond_earth:moon_orbit
[07Mar2025 01:00:01.189] [FTB Backups backup thread 0/WARN] [net.creeperhost.levelio.loader.LevelLoader/]: Found possible mod dimension with no region folder beyond_earth:venus
[07Mar2025 01:00:01.190] [FTB Backups backup thread 0/WARN] [net.creeperhost.levelio.loader.LevelLoader/]: Found possible mod dimension with no region folder beyond_earth:venus_orbit
[07Mar2025 01:00:01.190] [FTB Backups backup thread 0/WARN] [net.creeperhost.levelio.loader.LevelLoader/]: Found possible mod dimension with no region folder bloodmagic:dungeon
[07Mar2025 01:00:01.200] [FTB Backups backup thread 0/WARN] [net.creeperhost.levelio.loader.LevelLoader/]: Found possible mod dimension with no region folder compactmachines:compact_world
[07Mar2025 01:00:01.200] [FTB Backups backup thread 0/WARN] [net.creeperhost.levelio.loader.LevelLoader/]: Found possible mod dimension with no region folder javd:void
[07Mar2025 01:00:01.201] [FTB Backups backup thread 0/WARN] [net.creeperhost.levelio.loader.LevelLoader/]: Found possible mod dimension with no region folder mythicbotany:alfheim
[07Mar2025 01:00:04.602] [FTB Backups backup thread 0/INFO] [net.creeperhost.ftbbackups.FTBBackups/]: Backup preview created, Scan took 2164ms, Capture took 1690ms
[07Mar2025 01:01:02.050] [FTB Backups backup thread 0/INFO] [net.creeperhost.ftbbackups.FTBBackups/]: Setting world minecraft:overworld save state to false
[07Mar2025 01:01:02.051] [FTB Backups backup thread 0/INFO] [net.creeperhost.ftbbackups.FTBBackups/]: Setting world twilightforest:twilight_forest save state to false
[07Mar2025 01:01:02.051] [FTB Backups backup thread 0/INFO] [net.creeperhost.ftbbackups.FTBBackups/]: Setting world beyond_earth:mercury save state to false
[07Mar2025 01:01:02.051] [FTB Backups backup thread 0/INFO] [net.creeperhost.ftbbackups.FTBBackups/]: Setting world ae2:spatial_storage save state to false
[07Mar2025 01:01:02.051] [FTB Backups backup thread 0/INFO] [net.creeperhost.ftbbackups.FTBBackups/]: Setting world minecraft:the_nether save state to false
[07Mar2025 01:01:02.051] [FTB Backups backup thread 0/INFO] [net.creeperhost.ftbbackups.FTBBackups/]: Setting world beyond_earth:venus save state to false
[07Mar2025 01:01:02.052] [FTB Backups backup thread 0/INFO] [net.creeperhost.ftbbackups.FTBBackups/]: Setting world beyond_earth:glacio_orbit save state to false
[07Mar2025 01:01:02.052] [FTB Backups backup thread 0/INFO] [net.creeperhost.ftbbackups.FTBBackups/]: Setting world beyond_earth:moon save state to false
[07Mar2025 01:01:02.052] [FTB Backups backup thread 0/INFO] [net.creeperhost.ftbbackups.FTBBackups/]: Setting world javd:void save state to false
[07Mar2025 01:01:02.052] [FTB Backups backup thread 0/INFO] [net.creeperhost.ftbbackups.FTBBackups/]: Setting world blue_skies:everbright save state to false
[07Mar2025 01:01:02.052] [FTB Backups backup thread 0/INFO] [net.creeperhost.ftbbackups.FTBBackups/]: Setting world beyond_earth:venus_orbit save state to false
[07Mar2025 01:01:02.052] [FTB Backups backup thread 0/INFO] [net.creeperhost.ftbbackups.FTBBackups/]: Setting world beyond_earth:glacio save state to false
[07Mar2025 01:01:02.052] [FTB Backups backup thread 0/INFO] [net.creeperhost.ftbbackups.FTBBackups/]: Setting world minecraft:the_end save state to false
[07Mar2025 01:01:02.052] [FTB Backups backup thread 0/INFO] [net.creeperhost.ftbbackups.FTBBackups/]: Setting world undergarden:undergarden save state to false
[07Mar2025 01:01:02.052] [FTB Backups backup thread 0/INFO] [net.creeperhost.ftbbackups.FTBBackups/]: Setting world bloodmagic:dungeon save state to false
[07Mar2025 01:01:02.052] [FTB Backups backup thread 0/INFO] [net.creeperhost.ftbbackups.FTBBackups/]: Setting world beyond_earth:moon_orbit save state to false
[07Mar2025 01:01:02.052] [FTB Backups backup thread 0/INFO] [net.creeperhost.ftbbackups.FTBBackups/]: Setting world beyond_earth:mercury_orbit save state to false
[07Mar2025 01:01:02.052] [FTB Backups backup thread 0/INFO] [net.creeperhost.ftbbackups.FTBBackups/]: Setting world compactmachines:compact_world save state to false
[07Mar2025 01:01:02.052] [FTB Backups backup thread 0/INFO] [net.creeperhost.ftbbackups.FTBBackups/]: Setting world beyond_earth:mars_orbit save state to false
[07Mar2025 01:01:02.052] [FTB Backups backup thread 0/INFO] [net.creeperhost.ftbbackups.FTBBackups/]: Setting world beyond_earth:mars save state to false
[07Mar2025 01:01:02.052] [FTB Backups backup thread 0/INFO] [net.creeperhost.ftbbackups.FTBBackups/]: Setting world beyond_earth:earth_orbit save state to false
[07Mar2025 01:01:02.052] [FTB Backups backup thread 0/INFO] [net.creeperhost.ftbbackups.FTBBackups/]: Setting world mythicbotany:alfheim save state to false
[07Mar2025 01:01:02.052] [FTB Backups backup thread 0/INFO] [net.creeperhost.ftbbackups.FTBBackups/]: Setting world blue_skies:everdawn save state to false
[07Mar2025 01:01:03.867] [FTB Backups backup thread 0/INFO] [net.creeperhost.ftbbackups.FTBBackups/]: Backup size 1.9GB World Size 2.6GB
[07Mar2025 01:01:03.869] [FTB Backups backup thread 0/INFO] [net.creeperhost.ftbbackups.FTBBackups/]: Writing to file C:\Users\marti\Downloads\ServMc\Ragnamod-VII-7.1.7-Server\backups\backups.json
[07Mar2025 01:01:03.870] [FTB Backups backup thread 0/INFO] [net.creeperhost.ftbbackups.FTBBackups/]: New backup created at C:\Users\marti\Downloads\ServMc\Ragnamod-VII-7.1.7-Server\backups\2025-3-7_1-0-0.zip size: 1.9GB Took: 1m, 1s, 60704ms Sha1: e3318a068b0c9cc037cb69f0c91d3e5e9e6bb9cd
[07Mar2025 01:01:27.946] [FTB Backups scheduled executor 0/INFO] [net.creeperhost.ftbbackups.FTBBackups/]: More backups than 5 found, Removing oldest backup
[07Mar2025 01:01:28.114] [FTB Backups scheduled executor 0/INFO] [net.creeperhost.ftbbackups.FTBBackups/]: Removed old backup 2025-3-6_22-30-0.zip
[07Mar2025 01:01:28.114] [FTB Backups scheduled executor 0/INFO] [net.creeperhost.ftbbackups.FTBBackups/]: File missing, removing from backups C:\Users\marti\Downloads\ServMc\Ragnamod-VII-7.1.7-Server\backups\2025-3-6_22-30-0.zip
[07Mar2025 01:01:28.115] [FTB Backups scheduled executor 0/INFO] [net.creeperhost.ftbbackups.FTBBackups/]: Writing to file C:\Users\marti\Downloads\ServMc\Ragnamod-VII-7.1.7-Server\backups\backups.json
[07Mar2025 01:30:00.006] [ftbbackups2_Worker-1/INFO] [net.creeperhost.ftbbackups.FTBBackups/]: Attempting to create an automatic backup
[07Mar2025 01:30:00.009] [ftbbackups2_Worker-1/INFO] [net.creeperhost.ftbbackups.FTBBackups/]: Skipping backup, no players have been online since last backup.
[07Mar2025 01:59:44.187] [Server thread/INFO] [net.minecraft.server.dedicated.DedicatedServer/]: There are 0 of a max of 20 players online: 
[07Mar2025 01:59:48.737] [Server thread/INFO] [net.minecraft.server.dedicated.DedicatedServer/]: Stopping the server
[07Mar2025 01:59:48.789] [Server thread/INFO] [net.creeperhost.ftbbackups.FTBBackups/]: Shutdown Complete
[07Mar2025 01:59:48.805] [Server thread/INFO] [HammerLib/]: Purging cache from 1 HL recipe registries.
[07Mar2025 01:59:48.810] [Server thread/INFO] [net.minecraft.server.MinecraftServer/]: Stopping server
[07Mar2025 01:59:48.811] [Server thread/INFO] [net.minecraft.server.MinecraftServer/]: Saving players
[07Mar2025 01:59:48.811] [Server thread/INFO] [net.minecraft.server.MinecraftServer/]: Saving worlds
[07Mar2025 01:59:49.039] [Server thread/INFO] [net.minecraft.server.MinecraftServer/]: Saving chunks for level 'ServerLevel[world]'/minecraft:overworld
[07Mar2025 01:59:49.076] [Server thread/INFO] [net.minecraft.server.MinecraftServer/]: Saving chunks for level 'ServerLevel[world]'/twilightforest:twilight_forest
[07Mar2025 01:59:49.120] [Server thread/INFO] [net.minecraft.server.MinecraftServer/]: Saving chunks for level 'ServerLevel[world]'/beyond_earth:mercury
[07Mar2025 01:59:49.121] [Server thread/INFO] [net.minecraft.server.MinecraftServer/]: Saving chunks for level 'ServerLevel[world]'/ae2:spatial_storage
[07Mar2025 01:59:49.122] [Server thread/INFO] [net.minecraft.server.MinecraftServer/]: Saving chunks for level 'ServerLevel[world]'/minecraft:the_nether
[07Mar2025 01:59:49.126] [Server thread/INFO] [net.minecraft.server.MinecraftServer/]: Saving chunks for level 'ServerLevel[world]'/beyond_earth:venus
[07Mar2025 01:59:49.126] [Server thread/INFO] [net.minecraft.server.MinecraftServer/]: Saving chunks for level 'ServerLevel[world]'/beyond_earth:glacio_orbit
[07Mar2025 01:59:49.127] [Server thread/INFO] [net.minecraft.server.MinecraftServer/]: Saving chunks for level 'ServerLevel[world]'/beyond_earth:moon
[07Mar2025 01:59:49.128] [Server thread/INFO] [net.minecraft.server.MinecraftServer/]: Saving chunks for level 'ServerLevel[world]'/javd:void
[07Mar2025 01:59:49.129] [Server thread/INFO] [net.minecraft.server.MinecraftServer/]: Saving chunks for level 'ServerLevel[world]'/blue_skies:everbright
[07Mar2025 01:59:49.130] [Server thread/INFO] [net.minecraft.server.MinecraftServer/]: Saving chunks for level 'ServerLevel[world]'/beyond_earth:venus_orbit
[07Mar2025 01:59:49.131] [Server thread/INFO] [net.minecraft.server.MinecraftServer/]: Saving chunks for level 'ServerLevel[world]'/beyond_earth:glacio
[07Mar2025 01:59:49.131] [Server thread/INFO] [net.minecraft.server.MinecraftServer/]: Saving chunks for level 'ServerLevel[world]'/minecraft:the_end
[07Mar2025 01:59:49.132] [Server thread/INFO] [net.minecraft.server.MinecraftServer/]: Saving chunks for level 'ServerLevel[world]'/undergarden:undergarden
[07Mar2025 01:59:49.139] [Server thread/INFO] [net.minecraft.server.MinecraftServer/]: Saving chunks for level 'ServerLevel[world]'/bloodmagic:dungeon
[07Mar2025 01:59:49.140] [Server thread/INFO] [net.minecraft.server.MinecraftServer/]: Saving chunks for level 'ServerLevel[world]'/beyond_earth:moon_orbit
[07Mar2025 01:59:49.141] [Server thread/INFO] [net.minecraft.server.MinecraftServer/]: Saving chunks for level 'ServerLevel[world]'/beyond_earth:mercury_orbit
[07Mar2025 01:59:49.142] [Server thread/INFO] [net.minecraft.server.MinecraftServer/]: Saving chunks for level 'ServerLevel[world]'/compactmachines:compact_world
[07Mar2025 01:59:49.143] [Server thread/INFO] [net.minecraft.server.MinecraftServer/]: Saving chunks for level 'ServerLevel[world]'/beyond_earth:mars_orbit
[07Mar2025 01:59:49.144] [Server thread/INFO] [net.minecraft.server.MinecraftServer/]: Saving chunks for level 'ServerLevel[world]'/beyond_earth:mars
[07Mar2025 01:59:49.145] [Server thread/INFO] [net.minecraft.server.MinecraftServer/]: Saving chunks for level 'ServerLevel[world]'/beyond_earth:earth_orbit
[07Mar2025 01:59:49.146] [Server thread/INFO] [net.minecraft.server.MinecraftServer/]: Saving chunks for level 'ServerLevel[world]'/mythicbotany:alfheim
[07Mar2025 01:59:49.147] [Server thread/INFO] [net.minecraft.server.MinecraftServer/]: Saving chunks for level 'ServerLevel[world]'/blue_skies:everdawn
[07Mar2025 01:59:49.287] [Server thread/INFO] [net.minecraft.server.MinecraftServer/]: ThreadedAnvilChunkStorage (world): All chunks are saved
[07Mar2025 01:59:49.287] [Server thread/INFO] [net.minecraft.server.MinecraftServer/]: ThreadedAnvilChunkStorage (twilight_forest): All chunks are saved
[07Mar2025 01:59:49.287] [Server thread/INFO] [net.minecraft.server.MinecraftServer/]: ThreadedAnvilChunkStorage (mercury): All chunks are saved
[07Mar2025 01:59:49.287] [Server thread/INFO] [net.minecraft.server.MinecraftServer/]: ThreadedAnvilChunkStorage (spatial_storage): All chunks are saved
[07Mar2025 01:59:49.287] [Server thread/INFO] [net.minecraft.server.MinecraftServer/]: ThreadedAnvilChunkStorage (DIM-1): All chunks are saved
[07Mar2025 01:59:49.287] [Server thread/INFO] [net.minecraft.server.MinecraftServer/]: ThreadedAnvilChunkStorage (venus): All chunks are saved
[07Mar2025 01:59:49.287] [Server thread/INFO] [net.minecraft.server.MinecraftServer/]: ThreadedAnvilChunkStorage (glacio_orbit): All chunks are saved
[07Mar2025 01:59:49.287] [Server thread/INFO] [net.minecraft.server.MinecraftServer/]: ThreadedAnvilChunkStorage (moon): All chunks are saved
[07Mar2025 01:59:49.287] [Server thread/INFO] [net.minecraft.server.MinecraftServer/]: ThreadedAnvilChunkStorage (void): All chunks are saved
[07Mar2025 01:59:49.287] [Server thread/INFO] [net.minecraft.server.MinecraftServer/]: ThreadedAnvilChunkStorage (everbright): All chunks are saved
[07Mar2025 01:59:49.287] [Server thread/INFO] [net.minecraft.server.MinecraftServer/]: ThreadedAnvilChunkStorage (venus_orbit): All chunks are saved
[07Mar2025 01:59:49.287] [Server thread/INFO] [net.minecraft.server.MinecraftServer/]: ThreadedAnvilChunkStorage (glacio): All chunks are saved
[07Mar2025 01:59:49.287] [Server thread/INFO] [net.minecraft.server.MinecraftServer/]: ThreadedAnvilChunkStorage (DIM1): All chunks are saved
[07Mar2025 01:59:49.288] [Server thread/INFO] [net.minecraft.server.MinecraftServer/]: ThreadedAnvilChunkStorage (undergarden): All chunks are saved
[07Mar2025 01:59:49.288] [Server thread/INFO] [net.minecraft.server.MinecraftServer/]: ThreadedAnvilChunkStorage (dungeon): All chunks are saved
[07Mar2025 01:59:49.288] [Server thread/INFO] [net.minecraft.server.MinecraftServer/]: ThreadedAnvilChunkStorage (moon_orbit): All chunks are saved
[07Mar2025 01:59:49.288] [Server thread/INFO] [net.minecraft.server.MinecraftServer/]: ThreadedAnvilChunkStorage (mercury_orbit): All chunks are saved
[07Mar2025 01:59:49.288] [Server thread/INFO] [net.minecraft.server.MinecraftServer/]: ThreadedAnvilChunkStorage (compact_world): All chunks are saved
[07Mar2025 01:59:49.288] [Server thread/INFO] [net.minecraft.server.MinecraftServer/]: ThreadedAnvilChunkStorage (mars_orbit): All chunks are saved
[07Mar2025 01:59:49.288] [Server thread/INFO] [net.minecraft.server.MinecraftServer/]: ThreadedAnvilChunkStorage (mars): All chunks are saved
[07Mar2025 01:59:49.288] [Server thread/INFO] [net.minecraft.server.MinecraftServer/]: ThreadedAnvilChunkStorage (earth_orbit): All chunks are saved
[07Mar2025 01:59:49.288] [Server thread/INFO] [net.minecraft.server.MinecraftServer/]: ThreadedAnvilChunkStorage (alfheim): All chunks are saved
[07Mar2025 01:59:49.288] [Server thread/INFO] [net.minecraft.server.MinecraftServer/]: ThreadedAnvilChunkStorage (everdawn): All chunks are saved
[07Mar2025 01:59:49.288] [Server thread/INFO] [net.minecraft.server.MinecraftServer/]: ThreadedAnvilChunkStorage: All dimensions are saved
[07Mar2025 01:59:49.411] [Server thread/INFO] [FTB Chunks/]: Shutting down map thread
[07Mar2025 01:59:49.412] [Server thread/INFO] [shetiphian.endertanks.EnderTanks/]: Unloading EnderTank Data
[07Mar2025 01:59:49.412] [Server thread/INFO] [shetiphian.endertanks.EnderTanks/]: Finished Unloading EnderTank Data
[07Mar2025 01:59:49.413] [Server thread/INFO] [configured/]: Unloading server configs...
[07Mar2025 01:59:49.414] [Server thread/INFO] [configured/]: Sending config unload event for configured.developer.toml
[07Mar2025 01:59:49.416] [Server thread/INFO] [shetiphian.enderchests.EnderChests/]: Unloading EnderChest Data
[07Mar2025 01:59:49.416] [Server thread/INFO] [shetiphian.enderchests.EnderChests/]: Finished Unloading EnderChest Data
